<?xml version="1.0" encoding="UTF-8"?>
<coverage generated="1774818963359" clover="3.2.0">
  <project timestamp="1774818963359" name="All files">
    <metrics statements="83" coveredstatements="83" conditionals="43" coveredconditionals="38" methods="8" coveredmethods="8" elements="134" coveredelements="129" complexity="0" loc="83" ncloc="83" packages="1" files="4" classes="4"/>
    <file name="amount.ts" path="/Users/arulebarobbert/StellarYield/client/src/features/zap/amount.ts">
      <metrics statements="24" coveredstatements="24" conditionals="16" coveredconditionals="15" methods="2" coveredmethods="2"/>
      <line num="4" count="1" type="cond" truecount="1" falsecount="0"/>
      <line num="5" count="5" type="stmt"/>
      <line num="6" count="5" type="cond" truecount="1" falsecount="0"/>
      <line num="7" count="1" type="stmt"/>
      <line num="8" count="1" type="cond" truecount="1" falsecount="0"/>
      <line num="9" count="4" type="stmt"/>
      <line num="10" count="5" type="cond" truecount="2" falsecount="0"/>
      <line num="11" count="5" type="stmt"/>
      <line num="12" count="5" type="cond" truecount="1" falsecount="0"/>
      <line num="13" count="5" type="stmt"/>
      <line num="14" count="5" type="stmt"/>
      <line num="15" count="5" type="cond" truecount="0" falsecount="1"/>
      <line num="16" count="5" type="cond" truecount="2" falsecount="0"/>
      <line num="17" count="4" type="stmt"/>
      <line num="18" count="4" type="stmt"/>
      <line num="23" count="1" type="cond" truecount="1" falsecount="0"/>
      <line num="24" count="3" type="stmt"/>
      <line num="25" count="3" type="cond" truecount="2" falsecount="0"/>
      <line num="26" count="3" type="stmt"/>
      <line num="27" count="3" type="stmt"/>
      <line num="28" count="3" type="stmt"/>
      <line num="29" count="3" type="cond" truecount="2" falsecount="0"/>
      <line num="30" count="3" type="cond" truecount="2" falsecount="0"/>
      <line num="31" count="3" type="stmt"/>
    </file>
    <file name="assets.ts" path="/Users/arulebarobbert/StellarYield/client/src/features/zap/assets.ts">
      <metrics statements="33" coveredstatements="33" conditionals="18" coveredconditionals="14" methods="3" coveredmethods="3"/>
      <line num="7" count="1" type="cond" truecount="1" falsecount="0"/>
      <line num="8" count="3" type="stmt"/>
      <line num="9" count="3" type="stmt"/>
      <line num="10" count="3" type="stmt"/>
      <line num="11" count="3" type="stmt"/>
      <line num="12" count="3" type="cond" truecount="2" falsecount="0"/>
      <line num="13" count="1" type="stmt"/>
      <line num="14" count="1" type="stmt"/>
      <line num="15" count="3" type="cond" truecount="1" falsecount="0"/>
      <line num="17" count="1" type="stmt"/>
      <line num="18" count="3" type="cond" truecount="1" falsecount="0"/>
      <line num="20" count="3" type="cond" truecount="0" falsecount="1"/>
      <line num="21" count="3" type="cond" truecount="1" falsecount="0"/>
      <line num="22" count="3" type="cond" truecount="1" falsecount="0"/>
      <line num="24" count="3" type="stmt"/>
      <line num="25" count="3" type="stmt"/>
      <line num="26" count="3" type="stmt"/>
      <line num="27" count="3" type="stmt"/>
      <line num="28" count="3" type="cond" truecount="1" falsecount="0"/>
      <line num="29" count="3" type="stmt"/>
      <line num="31" count="1" type="cond" truecount="1" falsecount="0"/>
      <line num="32" count="2" type="cond" truecount="0" falsecount="1"/>
      <line num="33" count="2" type="cond" truecount="0" falsecount="1"/>
      <line num="34" count="2" type="stmt"/>
      <line num="35" count="2" type="cond" truecount="1" falsecount="0"/>
      <line num="36" count="2" type="stmt"/>
      <line num="37" count="2" type="stmt"/>
      <line num="38" count="2" type="cond" truecount="2" falsecount="0"/>
      <line num="39" count="2" type="stmt"/>
      <line num="40" count="2" type="stmt"/>
      <line num="42" count="1" type="cond" truecount="1" falsecount="0"/>
      <line num="43" count="2" type="cond" truecount="1" falsecount="1"/>
      <line num="44" count="2" type="stmt"/>
    </file>
    <file name="fetchSwapQuote.ts" path="/Users/arulebarobbert/StellarYield/client/src/features/zap/fetchSwapQuote.ts">
      <metrics statements="19" coveredstatements="19" conditionals="6" coveredconditionals="6" methods="2" coveredmethods="2"/>
      <line num="3" count="1" type="cond" truecount="1" falsecount="0"/>
      <line num="4" count="4" type="cond" truecount="1" falsecount="0"/>
      <line num="5" count="1" type="stmt"/>
      <line num="6" count="1" type="cond" truecount="1" falsecount="0"/>
      <line num="7" count="3" type="stmt"/>
      <line num="8" count="3" type="stmt"/>
      <line num="14" count="4" type="cond" truecount="1" falsecount="0"/>
      <line num="15" count="4" type="stmt"/>
      <line num="16" count="4" type="stmt"/>
      <line num="17" count="4" type="stmt"/>
      <line num="18" count="4" type="stmt"/>
      <line num="19" count="4" type="stmt"/>
      <line num="20" count="4" type="stmt"/>
      <line num="22" count="4" type="cond" truecount="1" falsecount="0"/>
      <line num="23" count="2" type="stmt"/>
      <line num="24" count="2" type="cond" truecount="1" falsecount="0"/>
      <line num="25" count="2" type="stmt"/>
      <line num="27" count="2" type="stmt"/>
      <line num="28" count="2" type="stmt"/>
    </file>
    <file name="slippage.ts" path="/Users/arulebarobbert/StellarYield/client/src/features/zap/slippage.ts">
      <metrics statements="7" coveredstatements="7" conditionals="3" coveredconditionals="3" methods="1" coveredmethods="1"/>
      <line num="5" count="1" type="cond" truecount="1" falsecount="0"/>
      <line num="6" count="4" type="cond" truecount="2" falsecount="0"/>
      <line num="7" count="2" type="stmt"/>
      <line num="8" count="2" type="stmt"/>
      <line num="9" count="2" type="stmt"/>
      <line num="10" count="2" type="stmt"/>
      <line num="11" count="2" type="stmt"/>
    </file>
  </project>
</coverage>
