{"/Users/arulebarobbert/StellarYield/client/src/features/zap/amount.ts": {"path":"/Users/arulebarobbert/StellarYield/client/src/features/zap/amount.ts","all":false,"statementMap":{"3":{"start":{"line":4,"column":0},"end":{"line":4,"column":81}},"4":{"start":{"line":5,"column":0},"end":{"line":5,"column":32}},"5":{"start":{"line":6,"column":0},"end":{"line":6,"column":51}},"6":{"start":{"line":7,"column":0},"end":{"line":7,"column":38}},"7":{"start":{"line":8,"column":0},"end":{"line":8,"column":3}},"8":{"start":{"line":9,"column":0},"end":{"line":9,"column":43}},"9":{"start":{"line":10,"column":0},"end":{"line":10,"column":52}},"10":{"start":{"line":11,"column":0},"end":{"line":11,"column":52}},"11":{"start":{"line":12,"column":0},"end":{"line":12,"column":33}},"12":{"start":{"line":13,"column":0},"end":{"line":13,"column":71}},"13":{"start":{"line":14,"column":0},"end":{"line":14,"column":39}},"14":{"start":{"line":15,"column":0},"end":{"line":15,"column":53}},"15":{"start":{"line":16,"column":0},"end":{"line":16,"column":23}},"16":{"start":{"line":17,"column":0},"end":{"line":17,"column":11}},"17":{"start":{"line":18,"column":0},"end":{"line":18,"column":1}},"22":{"start":{"line":23,"column":0},"end":{"line":23,"column":83}},"23":{"start":{"line":24,"column":0},"end":{"line":24,"column":27}},"24":{"start":{"line":25,"column":0},"end":{"line":25,"column":37}},"25":{"start":{"line":26,"column":0},"end":{"line":26,"column":39}},"26":{"start":{"line":27,"column":0},"end":{"line":27,"column":25}},"27":{"start":{"line":28,"column":0},"end":{"line":28,"column":80}},"28":{"start":{"line":29,"column":0},"end":{"line":29,"column":51}},"29":{"start":{"line":30,"column":0},"end":{"line":30,"column":27}},"30":{"start":{"line":31,"column":0},"end":{"line":31,"column":1}}},"s":{"3":1,"4":5,"5":5,"6":1,"7":1,"8":4,"9":5,"10":5,"11":5,"12":5,"13":5,"14":5,"15":5,"16":4,"17":4,"22":1,"23":3,"24":3,"25":3,"26":3,"27":3,"28":3,"29":3,"30":3},"branchMap":{"0":{"type":"branch","line":4,"loc":{"start":{"line":4,"column":7},"end":{"line":18,"column":1}},"locations":[{"start":{"line":4,"column":7},"end":{"line":18,"column":1}}]},"1":{"type":"branch","line":6,"loc":{"start":{"line":6,"column":50},"end":{"line":8,"column":3}},"locations":[{"start":{"line":6,"column":50},"end":{"line":8,"column":3}}]},"2":{"type":"branch","line":8,"loc":{"start":{"line":8,"column":2},"end":{"line":10,"column":25}},"locations":[{"start":{"line":8,"column":2},"end":{"line":10,"column":25}}]},"3":{"type":"branch","line":10,"loc":{"start":{"line":10,"column":14},"end":{"line":10,"column":44}},"locations":[{"start":{"line":10,"column":14},"end":{"line":10,"column":44}}]},"4":{"type":"branch","line":10,"loc":{"start":{"line":10,"column":40},"end":{"line":10,"column":52}},"locations":[{"start":{"line":10,"column":40},"end":{"line":10,"column":52}}]},"5":{"type":"branch","line":12,"loc":{"start":{"line":12,"column":16},"end":{"line":12,"column":33}},"locations":[{"start":{"line":12,"column":16},"end":{"line":12,"column":33}}]},"6":{"type":"branch","line":15,"loc":{"start":{"line":15,"column":40},"end":{"line":15,"column":51}},"locations":[{"start":{"line":15,"column":40},"end":{"line":15,"column":51}}]},"7":{"type":"branch","line":16,"loc":{"start":{"line":16,"column":16},"end":{"line":16,"column":23}},"locations":[{"start":{"line":16,"column":16},"end":{"line":16,"column":23}}]},"8":{"type":"branch","line":16,"loc":{"start":{"line":16,"column":21},"end":{"line":18,"column":1}},"locations":[{"start":{"line":16,"column":21},"end":{"line":18,"column":1}}]},"9":{"type":"branch","line":23,"loc":{"start":{"line":23,"column":7},"end":{"line":31,"column":1}},"locations":[{"start":{"line":23,"column":7},"end":{"line":31,"column":1}}]},"10":{"type":"branch","line":25,"loc":{"start":{"line":25,"column":12},"end":{"line":25,"column":29}},"locations":[{"start":{"line":25,"column":12},"end":{"line":25,"column":29}}]},"11":{"type":"branch","line":25,"loc":{"start":{"line":25,"column":19},"end":{"line":25,"column":37}},"locations":[{"start":{"line":25,"column":19},"end":{"line":25,"column":37}}]},"12":{"type":"branch","line":29,"loc":{"start":{"line":29,"column":12},"end":{"line":29,"column":40}},"locations":[{"start":{"line":29,"column":12},"end":{"line":29,"column":40}}]},"13":{"type":"branch","line":29,"loc":{"start":{"line":29,"column":35},"end":{"line":29,"column":51}},"locations":[{"start":{"line":29,"column":35},"end":{"line":29,"column":51}}]},"14":{"type":"branch","line":30,"loc":{"start":{"line":30,"column":9},"end":{"line":30,"column":25}},"locations":[{"start":{"line":30,"column":9},"end":{"line":30,"column":25}}]},"15":{"type":"branch","line":30,"loc":{"start":{"line":30,"column":20},"end":{"line":30,"column":27}},"locations":[{"start":{"line":30,"column":20},"end":{"line":30,"column":27}}]}},"b":{"0":[5],"1":[1],"2":[4],"3":[1],"4":[3],"5":[1],"6":[0],"7":[1],"8":[4],"9":[3],"10":[1],"11":[2],"12":[2],"13":[1],"14":[1],"15":[2]},"fnMap":{"0":{"name":"parseDecimalToStroops","decl":{"start":{"line":4,"column":7},"end":{"line":18,"column":1}},"loc":{"start":{"line":4,"column":7},"end":{"line":18,"column":1}},"line":4},"1":{"name":"formatStroopsToDecimal","decl":{"start":{"line":23,"column":7},"end":{"line":31,"column":1}},"loc":{"start":{"line":23,"column":7},"end":{"line":31,"column":1}},"line":23}},"f":{"0":5,"1":3}}
,"/Users/arulebarobbert/StellarYield/client/src/features/zap/assets.ts": {"path":"/Users/arulebarobbert/StellarYield/client/src/features/zap/assets.ts","all":false,"statementMap":{"6":{"start":{"line":7,"column":0},"end":{"line":7,"column":57}},"7":{"start":{"line":8,"column":0},"end":{"line":8,"column":73}},"8":{"start":{"line":9,"column":0},"end":{"line":9,"column":12}},"9":{"start":{"line":10,"column":0},"end":{"line":10,"column":9}},"10":{"start":{"line":11,"column":0},"end":{"line":11,"column":57}},"11":{"start":{"line":12,"column":0},"end":{"line":12,"column":55}},"12":{"start":{"line":13,"column":0},"end":{"line":13,"column":22}},"13":{"start":{"line":14,"column":0},"end":{"line":14,"column":7}},"14":{"start":{"line":15,"column":0},"end":{"line":15,"column":13}},"16":{"start":{"line":17,"column":0},"end":{"line":17,"column":5}},"17":{"start":{"line":18,"column":0},"end":{"line":18,"column":3}},"19":{"start":{"line":20,"column":0},"end":{"line":20,"column":73}},"20":{"start":{"line":21,"column":0},"end":{"line":21,"column":75}},"21":{"start":{"line":22,"column":0},"end":{"line":22,"column":75}},"23":{"start":{"line":24,"column":0},"end":{"line":24,"column":10}},"24":{"start":{"line":25,"column":0},"end":{"line":25,"column":76}},"25":{"start":{"line":26,"column":0},"end":{"line":26,"column":72}},"26":{"start":{"line":27,"column":0},"end":{"line":27,"column":72}},"27":{"start":{"line":28,"column":0},"end":{"line":28,"column":43}},"28":{"start":{"line":29,"column":0},"end":{"line":29,"column":1}},"30":{"start":{"line":31,"column":0},"end":{"line":31,"column":56}},"31":{"start":{"line":32,"column":0},"end":{"line":32,"column":84}},"32":{"start":{"line":33,"column":0},"end":{"line":33,"column":74}},"33":{"start":{"line":34,"column":0},"end":{"line":34,"column":10}},"34":{"start":{"line":35,"column":0},"end":{"line":35,"column":74}},"35":{"start":{"line":36,"column":0},"end":{"line":36,"column":24}},"36":{"start":{"line":37,"column":0},"end":{"line":37,"column":15}},"37":{"start":{"line":38,"column":0},"end":{"line":38,"column":55}},"38":{"start":{"line":39,"column":0},"end":{"line":39,"column":4}},"39":{"start":{"line":40,"column":0},"end":{"line":40,"column":1}},"41":{"start":{"line":42,"column":0},"end":{"line":42,"column":53}},"42":{"start":{"line":43,"column":0},"end":{"line":43,"column":114}},"43":{"start":{"line":44,"column":0},"end":{"line":44,"column":1}}},"s":{"6":1,"7":3,"8":3,"9":3,"10":3,"11":3,"12":1,"13":1,"14":3,"16":1,"17":3,"19":3,"20":3,"21":3,"23":3,"24":3,"25":3,"26":3,"27":3,"28":3,"30":1,"31":2,"32":2,"33":2,"34":2,"35":2,"36":2,"37":2,"38":2,"39":2,"41":1,"42":2,"43":2},"branchMap":{"0":{"type":"branch","line":7,"loc":{"start":{"line":7,"column":7},"end":{"line":29,"column":1}},"locations":[{"start":{"line":7,"column":7},"end":{"line":29,"column":1}}]},"1":{"type":"branch","line":12,"loc":{"start":{"line":12,"column":30},"end":{"line":12,"column":54}},"locations":[{"start":{"line":12,"column":30},"end":{"line":12,"column":54}}]},"2":{"type":"branch","line":12,"loc":{"start":{"line":12,"column":54},"end":{"line":14,"column":7}},"locations":[{"start":{"line":12,"column":54},"end":{"line":14,"column":7}}]},"3":{"type":"branch","line":15,"loc":{"start":{"line":15,"column":4},"end":{"line":17,"column":5}},"locations":[{"start":{"line":15,"column":4},"end":{"line":17,"column":5}}]},"4":{"type":"branch","line":18,"loc":{"start":{"line":18,"column":2},"end":{"line":20,"column":70}},"locations":[{"start":{"line":18,"column":2},"end":{"line":20,"column":70}}]},"5":{"type":"branch","line":20,"loc":{"start":{"line":20,"column":31},"end":{"line":20,"column":73}},"locations":[{"start":{"line":20,"column":31},"end":{"line":20,"column":73}}]},"6":{"type":"branch","line":21,"loc":{"start":{"line":21,"column":32},"end":{"line":21,"column":75}},"locations":[{"start":{"line":21,"column":32},"end":{"line":21,"column":75}}]},"7":{"type":"branch","line":22,"loc":{"start":{"line":22,"column":32},"end":{"line":22,"column":75}},"locations":[{"start":{"line":22,"column":32},"end":{"line":22,"column":75}}]},"8":{"type":"branch","line":28,"loc":{"start":{"line":28,"column":11},"end":{"line":28,"column":41}},"locations":[{"start":{"line":28,"column":11},"end":{"line":28,"column":41}}]},"9":{"type":"branch","line":31,"loc":{"start":{"line":31,"column":7},"end":{"line":40,"column":1}},"locations":[{"start":{"line":31,"column":7},"end":{"line":40,"column":1}}]},"10":{"type":"branch","line":32,"loc":{"start":{"line":32,"column":38},"end":{"line":32,"column":84}},"locations":[{"start":{"line":32,"column":38},"end":{"line":32,"column":84}}]},"11":{"type":"branch","line":33,"loc":{"start":{"line":33,"column":42},"end":{"line":33,"column":72}},"locations":[{"start":{"line":33,"column":42},"end":{"line":33,"column":72}}]},"12":{"type":"branch","line":35,"loc":{"start":{"line":35,"column":29},"end":{"line":35,"column":74}},"locations":[{"start":{"line":35,"column":29},"end":{"line":35,"column":74}}]},"13":{"type":"branch","line":38,"loc":{"start":{"line":38,"column":38},"end":{"line":38,"column":53}},"locations":[{"start":{"line":38,"column":38},"end":{"line":38,"column":53}}]},"14":{"type":"branch","line":38,"loc":{"start":{"line":38,"column":42},"end":{"line":38,"column":55}},"locations":[{"start":{"line":38,"column":42},"end":{"line":38,"column":55}}]},"15":{"type":"branch","line":42,"loc":{"start":{"line":42,"column":7},"end":{"line":44,"column":1}},"locations":[{"start":{"line":42,"column":7},"end":{"line":44,"column":1}}]},"16":{"type":"branch","line":43,"loc":{"start":{"line":43,"column":26},"end":{"line":43,"column":111}},"locations":[{"start":{"line":43,"column":26},"end":{"line":43,"column":111}}]},"17":{"type":"branch","line":43,"loc":{"start":{"line":43,"column":80},"end":{"line":43,"column":114}},"locations":[{"start":{"line":43,"column":80},"end":{"line":43,"column":114}}]}},"b":{"0":[3],"1":[2],"2":[1],"3":[1],"4":[2],"5":[0],"6":[2],"7":[2],"8":[6],"9":[2],"10":[0],"11":[0],"12":[1],"13":[1],"14":[1],"15":[2],"16":[1],"17":[0]},"fnMap":{"0":{"name":"loadZapAssetOptions","decl":{"start":{"line":7,"column":7},"end":{"line":29,"column":1}},"loc":{"start":{"line":7,"column":7},"end":{"line":29,"column":1}},"line":7},"1":{"name":"getVaultTokenFromEnv","decl":{"start":{"line":31,"column":7},"end":{"line":40,"column":1}},"loc":{"start":{"line":31,"column":7},"end":{"line":40,"column":1}},"line":31},"2":{"name":"getVaultContractIdFromEnv","decl":{"start":{"line":42,"column":7},"end":{"line":44,"column":1}},"loc":{"start":{"line":42,"column":7},"end":{"line":44,"column":1}},"line":42}},"f":{"0":3,"1":2,"2":2}}
,"/Users/arulebarobbert/StellarYield/client/src/features/zap/fetchSwapQuote.ts": {"path":"/Users/arulebarobbert/StellarYield/client/src/features/zap/fetchSwapQuote.ts","all":false,"statementMap":{"2":{"start":{"line":3,"column":0},"end":{"line":3,"column":35}},"3":{"start":{"line":4,"column":0},"end":{"line":4,"column":81}},"4":{"start":{"line":5,"column":0},"end":{"line":5,"column":55}},"5":{"start":{"line":6,"column":0},"end":{"line":6,"column":3}},"6":{"start":{"line":7,"column":0},"end":{"line":7,"column":33}},"7":{"start":{"line":8,"column":0},"end":{"line":8,"column":2}},"13":{"start":{"line":14,"column":0},"end":{"line":14,"column":87}},"14":{"start":{"line":15,"column":0},"end":{"line":15,"column":48}},"15":{"start":{"line":16,"column":0},"end":{"line":16,"column":52}},"16":{"start":{"line":17,"column":0},"end":{"line":17,"column":19}},"17":{"start":{"line":18,"column":0},"end":{"line":18,"column":52}},"18":{"start":{"line":19,"column":0},"end":{"line":19,"column":30}},"19":{"start":{"line":20,"column":0},"end":{"line":20,"column":5}},"21":{"start":{"line":22,"column":0},"end":{"line":22,"column":16}},"22":{"start":{"line":23,"column":0},"end":{"line":23,"column":34}},"23":{"start":{"line":24,"column":0},"end":{"line":24,"column":60}},"24":{"start":{"line":25,"column":0},"end":{"line":25,"column":3}},"26":{"start":{"line":27,"column":0},"end":{"line":27,"column":49}},"27":{"start":{"line":28,"column":0},"end":{"line":28,"column":1}}},"s":{"2":1,"3":4,"4":1,"5":1,"6":3,"7":3,"13":4,"14":4,"15":4,"16":4,"17":4,"18":4,"19":4,"21":4,"22":2,"23":2,"24":2,"26":2,"27":2},"branchMap":{"0":{"type":"branch","line":3,"loc":{"start":{"line":3,"column":20},"end":{"line":8,"column":2}},"locations":[{"start":{"line":3,"column":20},"end":{"line":8,"column":2}}]},"1":{"type":"branch","line":4,"loc":{"start":{"line":4,"column":80},"end":{"line":6,"column":3}},"locations":[{"start":{"line":4,"column":80},"end":{"line":6,"column":3}}]},"2":{"type":"branch","line":6,"loc":{"start":{"line":6,"column":2},"end":{"line":8,"column":2}},"locations":[{"start":{"line":6,"column":2},"end":{"line":8,"column":2}}]},"3":{"type":"branch","line":14,"loc":{"start":{"line":14,"column":0},"end":{"line":28,"column":1}},"locations":[{"start":{"line":14,"column":0},"end":{"line":28,"column":1}}]},"4":{"type":"branch","line":22,"loc":{"start":{"line":22,"column":15},"end":{"line":28,"column":1}},"locations":[{"start":{"line":22,"column":15},"end":{"line":28,"column":1}}]},"5":{"type":"branch","line":24,"loc":{"start":{"line":24,"column":20},"end":{"line":24,"column":58}},"locations":[{"start":{"line":24,"column":20},"end":{"line":24,"column":58}}]}},"b":{"0":[4],"1":[1],"2":[3],"3":[4],"4":[2],"5":[1]},"fnMap":{"0":{"name":"defaultBase","decl":{"start":{"line":3,"column":20},"end":{"line":8,"column":2}},"loc":{"start":{"line":3,"column":20},"end":{"line":8,"column":2}},"line":3},"1":{"name":"fetchSwapQuote","decl":{"start":{"line":14,"column":0},"end":{"line":28,"column":1}},"loc":{"start":{"line":14,"column":0},"end":{"line":28,"column":1}},"line":14}},"f":{"0":4,"1":4}}
,"/Users/arulebarobbert/StellarYield/client/src/features/zap/slippage.ts": {"path":"/Users/arulebarobbert/StellarYield/client/src/features/zap/slippage.ts","all":false,"statementMap":{"4":{"start":{"line":5,"column":0},"end":{"line":5,"column":94}},"5":{"start":{"line":6,"column":0},"end":{"line":6,"column":54}},"6":{"start":{"line":7,"column":0},"end":{"line":7,"column":64}},"7":{"start":{"line":8,"column":0},"end":{"line":8,"column":3}},"8":{"start":{"line":9,"column":0},"end":{"line":9,"column":63}},"9":{"start":{"line":10,"column":0},"end":{"line":10,"column":47}},"10":{"start":{"line":11,"column":0},"end":{"line":11,"column":1}}},"s":{"4":1,"5":4,"6":2,"7":2,"8":2,"9":2,"10":2},"branchMap":{"0":{"type":"branch","line":5,"loc":{"start":{"line":5,"column":7},"end":{"line":11,"column":1}},"locations":[{"start":{"line":5,"column":7},"end":{"line":11,"column":1}}]},"1":{"type":"branch","line":6,"loc":{"start":{"line":6,"column":24},"end":{"line":6,"column":53}},"locations":[{"start":{"line":6,"column":24},"end":{"line":6,"column":53}}]},"2":{"type":"branch","line":6,"loc":{"start":{"line":6,"column":53},"end":{"line":11,"column":1}},"locations":[{"start":{"line":6,"column":53},"end":{"line":11,"column":1}}]}},"b":{"0":[4],"1":[3],"2":[2]},"fnMap":{"0":{"name":"minAmountAfterSlippage","decl":{"start":{"line":5,"column":7},"end":{"line":11,"column":1}},"loc":{"start":{"line":5,"column":7},"end":{"line":11,"column":1}},"line":5}},"f":{"0":4}}
}
