{"/home/caxton/personal/StellarYield/client/src/features/zap/amount.ts": {"path":"/home/caxton/personal/StellarYield/client/src/features/zap/amount.ts","all":false,"statementMap":{"3":{"start":{"line":4,"column":0},"end":{"line":4,"column":81}},"4":{"start":{"line":5,"column":0},"end":{"line":5,"column":32}},"5":{"start":{"line":6,"column":0},"end":{"line":6,"column":51}},"6":{"start":{"line":7,"column":0},"end":{"line":7,"column":38}},"7":{"start":{"line":8,"column":0},"end":{"line":8,"column":3}},"8":{"start":{"line":9,"column":0},"end":{"line":9,"column":43}},"9":{"start":{"line":10,"column":0},"end":{"line":10,"column":52}},"10":{"start":{"line":11,"column":0},"end":{"line":11,"column":52}},"11":{"start":{"line":12,"column":0},"end":{"line":12,"column":33}},"12":{"start":{"line":13,"column":0},"end":{"line":13,"column":71}},"13":{"start":{"line":14,"column":0},"end":{"line":14,"column":39}},"14":{"start":{"line":15,"column":0},"end":{"line":15,"column":53}},"15":{"start":{"line":16,"column":0},"end":{"line":16,"column":23}},"16":{"start":{"line":17,"column":0},"end":{"line":17,"column":11}},"17":{"start":{"line":18,"column":0},"end":{"line":18,"column":1}},"22":{"start":{"line":23,"column":0},"end":{"line":23,"column":83}},"23":{"start":{"line":24,"column":0},"end":{"line":24,"column":27}},"24":{"start":{"line":25,"column":0},"end":{"line":25,"column":37}},"25":{"start":{"line":26,"column":0},"end":{"line":26,"column":39}},"26":{"start":{"line":27,"column":0},"end":{"line":27,"column":25}},"27":{"start":{"line":28,"column":0},"end":{"line":28,"column":80}},"28":{"start":{"line":29,"column":0},"end":{"line":29,"column":51}},"29":{"start":{"line":30,"column":0},"end":{"line":30,"column":27}},"30":{"start":{"line":31,"column":0},"end":{"line":31,"column":1}}},"s":{"3":1,"4":5,"5":5,"6":1,"7":1,"8":4,"9":5,"10":5,"11":5,"12":5,"13":5,"14":5,"15":5,"16":4,"17":4,"22":1,"23":3,"24":3,"25":3,"26":3,"27":3,"28":3,"29":3,"30":3},"branchMap":{"0":{"type":"branch","line":4,"loc":{"start":{"line":4,"column":7},"end":{"line":18,"column":1}},"locations":[{"start":{"line":4,"column":7},"end":{"line":18,"column":1}}]},"1":{"type":"branch","line":6,"loc":{"start":{"line":6,"column":50},"end":{"line":8,"column":3}},"locations":[{"start":{"line":6,"column":50},"end":{"line":8,"column":3}}]},"2":{"type":"branch","line":8,"loc":{"start":{"line":8,"column":2},"end":{"line":10,"column":25}},"locations":[{"start":{"line":8,"column":2},"end":{"line":10,"column":25}}]},"3":{"type":"branch","line":10,"loc":{"start":{"line":10,"column":14},"end":{"line":10,"column":44}},"locations":[{"start":{"line":10,"column":14},"end":{"line":10,"column":44}}]},"4":{"type":"branch","line":10,"loc":{"start":{"line":10,"column":40},"end":{"line":10,"column":52}},"locations":[{"start":{"line":10,"column":40},"end":{"line":10,"column":52}}]},"5":{"type":"branch","line":12,"loc":{"start":{"line":12,"column":16},"end":{"line":12,"column":33}},"locations":[{"start":{"line":12,"column":16},"end":{"line":12,"column":33}}]},"6":{"type":"branch","line":15,"loc":{"start":{"line":15,"column":40},"end":{"line":15,"column":51}},"locations":[{"start":{"line":15,"column":40},"end":{"line":15,"column":51}}]},"7":{"type":"branch","line":16,"loc":{"start":{"line":16,"column":16},"end":{"line":16,"column":23}},"locations":[{"start":{"line":16,"column":16},"end":{"line":16,"column":23}}]},"8":{"type":"branch","line":16,"loc":{"start":{"line":16,"column":21},"end":{"line":18,"column":1}},"locations":[{"start":{"line":16,"column":21},"end":{"line":18,"column":1}}]},"9":{"type":"branch","line":23,"loc":{"start":{"line":23,"column":7},"end":{"line":31,"column":1}},"locations":[{"start":{"line":23,"column":7},"end":{"line":31,"column":1}}]},"10":{"type":"branch","line":25,"loc":{"start":{"line":25,"column":12},"end":{"line":25,"column":29}},"locations":[{"start":{"line":25,"column":12},"end":{"line":25,"column":29}}]},"11":{"type":"branch","line":25,"loc":{"start":{"line":25,"column":19},"end":{"line":25,"column":37}},"locations":[{"start":{"line":25,"column":19},"end":{"line":25,"column":37}}]},"12":{"type":"branch","line":29,"loc":{"start":{"line":29,"column":12},"end":{"line":29,"column":40}},"locations":[{"start":{"line":29,"column":12},"end":{"line":29,"column":40}}]},"13":{"type":"branch","line":29,"loc":{"start":{"line":29,"column":35},"end":{"line":29,"column":51}},"locations":[{"start":{"line":29,"column":35},"end":{"line":29,"column":51}}]},"14":{"type":"branch","line":30,"loc":{"start":{"line":30,"column":9},"end":{"line":30,"column":25}},"locations":[{"start":{"line":30,"column":9},"end":{"line":30,"column":25}}]},"15":{"type":"branch","line":30,"loc":{"start":{"line":30,"column":20},"end":{"line":30,"column":27}},"locations":[{"start":{"line":30,"column":20},"end":{"line":30,"column":27}}]}},"b":{"0":[5],"1":[1],"2":[4],"3":[1],"4":[3],"5":[1],"6":[0],"7":[1],"8":[4],"9":[3],"10":[1],"11":[2],"12":[2],"13":[1],"14":[1],"15":[2]},"fnMap":{"0":{"name":"parseDecimalToStroops","decl":{"start":{"line":4,"column":7},"end":{"line":18,"column":1}},"loc":{"start":{"line":4,"column":7},"end":{"line":18,"column":1}},"line":4},"1":{"name":"formatStroopsToDecimal","decl":{"start":{"line":23,"column":7},"end":{"line":31,"column":1}},"loc":{"start":{"line":23,"column":7},"end":{"line":31,"column":1}},"line":23}},"f":{"0":5,"1":3}}
,"/home/caxton/personal/StellarYield/client/src/features/zap/assets.ts": {"path":"/home/caxton/personal/StellarYield/client/src/features/zap/assets.ts","all":false,"statementMap":{"6":{"start":{"line":7,"column":0},"end":{"line":7,"column":57}},"7":{"start":{"line":8,"column":0},"end":{"line":8,"column":73}},"8":{"start":{"line":9,"column":0},"end":{"line":9,"column":12}},"9":{"start":{"line":10,"column":0},"end":{"line":10,"column":9}},"10":{"start":{"line":11,"column":0},"end":{"line":11,"column":57}},"11":{"start":{"line":12,"column":0},"end":{"line":12,"column":55}},"12":{"start":{"line":13,"column":0},"end":{"line":13,"column":22}},"13":{"start":{"line":14,"column":0},"end":{"line":14,"column":7}},"14":{"start":{"line":15,"column":0},"end":{"line":15,"column":13}},"16":{"start":{"line":17,"column":0},"end":{"line":17,"column":5}},"17":{"start":{"line":18,"column":0},"end":{"line":18,"column":3}},"19":{"start":{"line":20,"column":0},"end":{"line":20,"column":73}},"20":{"start":{"line":21,"column":0},"end":{"line":21,"column":75}},"21":{"start":{"line":22,"column":0},"end":{"line":22,"column":75}},"23":{"start":{"line":24,"column":0},"end":{"line":24,"column":10}},"24":{"start":{"line":25,"column":0},"end":{"line":25,"column":76}},"25":{"start":{"line":26,"column":0},"end":{"line":26,"column":72}},"26":{"start":{"line":27,"column":0},"end":{"line":27,"column":72}},"27":{"start":{"line":28,"column":0},"end":{"line":28,"column":43}},"28":{"start":{"line":29,"column":0},"end":{"line":29,"column":1}},"30":{"start":{"line":31,"column":0},"end":{"line":31,"column":56}},"31":{"start":{"line":32,"column":0},"end":{"line":32,"column":84}},"32":{"start":{"line":33,"column":0},"end":{"line":33,"column":74}},"33":{"start":{"line":34,"column":0},"end":{"line":34,"column":10}},"34":{"start":{"line":35,"column":0},"end":{"line":35,"column":74}},"35":{"start":{"line":36,"column":0},"end":{"line":36,"column":24}},"36":{"start":{"line":37,"column":0},"end":{"line":37,"column":15}},"37":{"start":{"line":38,"column":0},"end":{"line":38,"column":55}},"38":{"start":{"line":39,"column":0},"end":{"line":39,"column":4}},"39":{"start":{"line":40,"column":0},"end":{"line":40,"column":1}},"41":{"start":{"line":42,"column":0},"end":{"line":42,"column":53}},"42":{"start":{"line":43,"column":0},"end":{"line":43,"column":114}},"43":{"start":{"line":44,"column":0},"end":{"line":44,"column":1}},"45":{"start":{"line":46,"column":0},"end":{"line":46,"column":34}},"46":{"start":{"line":47,"column":0},"end":{"line":47,"column":30}},"47":{"start":{"line":48,"column":0},"end":{"line":48,"column":14}},"48":{"start":{"line":49,"column":0},"end":{"line":49,"column":52}},"49":{"start":{"line":50,"column":0},"end":{"line":50,"column":47}},"50":{"start":{"line":51,"column":0},"end":{"line":51,"column":28}},"51":{"start":{"line":52,"column":0},"end":{"line":52,"column":33}},"52":{"start":{"line":53,"column":0},"end":{"line":53,"column":1}},"55":{"start":{"line":56,"column":0},"end":{"line":56,"column":57}},"56":{"start":{"line":57,"column":0},"end":{"line":57,"column":63}},"57":{"start":{"line":58,"column":0},"end":{"line":58,"column":1}},"59":{"start":{"line":60,"column":0},"end":{"line":60,"column":61}},"60":{"start":{"line":61,"column":0},"end":{"line":61,"column":66}},"61":{"start":{"line":62,"column":0},"end":{"line":62,"column":1}},"63":{"start":{"line":64,"column":0},"end":{"line":64,"column":60}},"64":{"start":{"line":65,"column":0},"end":{"line":65,"column":33}},"65":{"start":{"line":66,"column":0},"end":{"line":66,"column":10}},"66":{"start":{"line":67,"column":0},"end":{"line":67,"column":35}},"67":{"start":{"line":68,"column":0},"end":{"line":68,"column":33}},"68":{"start":{"line":69,"column":0},"end":{"line":69,"column":39}},"69":{"start":{"line":70,"column":0},"end":{"line":70,"column":37}},"70":{"start":{"line":71,"column":0},"end":{"line":71,"column":31}},"72":{"start":{"line":73,"column":0},"end":{"line":73,"column":1}},"75":{"start":{"line":76,"column":0},"end":{"line":76,"column":101}},"76":{"start":{"line":77,"column":0},"end":{"line":77,"column":7}},"77":{"start":{"line":78,"column":0},"end":{"line":78,"column":75}},"78":{"start":{"line":79,"column":0},"end":{"line":79,"column":29}},"79":{"start":{"line":80,"column":0},"end":{"line":80,"column":43}},"80":{"start":{"line":81,"column":0},"end":{"line":81,"column":37}},"81":{"start":{"line":82,"column":0},"end":{"line":82,"column":82}},"82":{"start":{"line":83,"column":0},"end":{"line":83,"column":18}},"83":{"start":{"line":84,"column":0},"end":{"line":84,"column":5}},"84":{"start":{"line":85,"column":0},"end":{"line":85,"column":56}},"85":{"start":{"line":86,"column":0},"end":{"line":86,"column":58}},"86":{"start":{"line":87,"column":0},"end":{"line":87,"column":12}},"87":{"start":{"line":88,"column":0},"end":{"line":88,"column":26}},"88":{"start":{"line":89,"column":0},"end":{"line":89,"column":34}},"89":{"start":{"line":90,"column":0},"end":{"line":90,"column":44}},"90":{"start":{"line":91,"column":0},"end":{"line":91,"column":6}},"91":{"start":{"line":92,"column":0},"end":{"line":92,"column":11}},"92":{"start":{"line":93,"column":0},"end":{"line":93,"column":16}},"93":{"start":{"line":94,"column":0},"end":{"line":94,"column":3}},"94":{"start":{"line":95,"column":0},"end":{"line":95,"column":1}},"96":{"start":{"line":97,"column":0},"end":{"line":97,"column":50}},"97":{"start":{"line":98,"column":0},"end":{"line":98,"column":30}},"98":{"start":{"line":99,"column":0},"end":{"line":99,"column":29}},"99":{"start":{"line":100,"column":0},"end":{"line":100,"column":21}},"100":{"start":{"line":101,"column":0},"end":{"line":101,"column":32}},"101":{"start":{"line":102,"column":0},"end":{"line":102,"column":93}},"102":{"start":{"line":103,"column":0},"end":{"line":103,"column":28}},"103":{"start":{"line":104,"column":0},"end":{"line":104,"column":3}},"104":{"start":{"line":105,"column":0},"end":{"line":105,"column":16}},"105":{"start":{"line":106,"column":0},"end":{"line":106,"column":1}},"107":{"start":{"line":108,"column":0},"end":{"line":108,"column":106}},"108":{"start":{"line":109,"column":0},"end":{"line":109,"column":73}},"109":{"start":{"line":110,"column":0},"end":{"line":110,"column":1}}},"s":{"6":1,"7":3,"8":3,"9":3,"10":3,"11":3,"12":1,"13":1,"14":3,"16":1,"17":3,"19":3,"20":3,"21":3,"23":3,"24":3,"25":3,"26":3,"27":3,"28":3,"30":1,"31":2,"32":2,"33":2,"34":2,"35":2,"36":2,"37":2,"38":2,"39":2,"41":1,"42":2,"43":2,"45":9,"46":9,"47":9,"48":9,"49":8,"50":1,"51":9,"52":9,"55":1,"56":2,"57":2,"59":16,"60":16,"61":16,"63":9,"64":9,"65":9,"66":9,"67":9,"68":9,"69":9,"70":7,"72":9,"75":9,"76":9,"77":9,"78":9,"79":7,"80":9,"81":9,"82":1,"83":1,"84":9,"85":9,"86":3,"87":3,"88":3,"89":3,"90":3,"91":9,"92":1,"93":1,"94":9,"96":1,"97":5,"98":5,"99":5,"100":5,"101":5,"102":3,"103":3,"104":5,"105":5,"107":1,"108":1,"109":1},"branchMap":{"0":{"type":"branch","line":7,"loc":{"start":{"line":7,"column":7},"end":{"line":29,"column":1}},"locations":[{"start":{"line":7,"column":7},"end":{"line":29,"column":1}}]},"1":{"type":"branch","line":12,"loc":{"start":{"line":12,"column":30},"end":{"line":12,"column":54}},"locations":[{"start":{"line":12,"column":30},"end":{"line":12,"column":54}}]},"2":{"type":"branch","line":12,"loc":{"start":{"line":12,"column":54},"end":{"line":14,"column":7}},"locations":[{"start":{"line":12,"column":54},"end":{"line":14,"column":7}}]},"3":{"type":"branch","line":15,"loc":{"start":{"line":15,"column":4},"end":{"line":17,"column":5}},"locations":[{"start":{"line":15,"column":4},"end":{"line":17,"column":5}}]},"4":{"type":"branch","line":18,"loc":{"start":{"line":18,"column":2},"end":{"line":20,"column":70}},"locations":[{"start":{"line":18,"column":2},"end":{"line":20,"column":70}}]},"5":{"type":"branch","line":20,"loc":{"start":{"line":20,"column":31},"end":{"line":20,"column":73}},"locations":[{"start":{"line":20,"column":31},"end":{"line":20,"column":73}}]},"6":{"type":"branch","line":21,"loc":{"start":{"line":21,"column":32},"end":{"line":21,"column":75}},"locations":[{"start":{"line":21,"column":32},"end":{"line":21,"column":75}}]},"7":{"type":"branch","line":22,"loc":{"start":{"line":22,"column":32},"end":{"line":22,"column":75}},"locations":[{"start":{"line":22,"column":32},"end":{"line":22,"column":75}}]},"8":{"type":"branch","line":28,"loc":{"start":{"line":28,"column":11},"end":{"line":28,"column":41}},"locations":[{"start":{"line":28,"column":11},"end":{"line":28,"column":41}}]},"9":{"type":"branch","line":31,"loc":{"start":{"line":31,"column":7},"end":{"line":40,"column":1}},"locations":[{"start":{"line":31,"column":7},"end":{"line":40,"column":1}}]},"10":{"type":"branch","line":32,"loc":{"start":{"line":32,"column":38},"end":{"line":32,"column":84}},"locations":[{"start":{"line":32,"column":38},"end":{"line":32,"column":84}}]},"11":{"type":"branch","line":33,"loc":{"start":{"line":33,"column":42},"end":{"line":33,"column":72}},"locations":[{"start":{"line":33,"column":42},"end":{"line":33,"column":72}}]},"12":{"type":"branch","line":35,"loc":{"start":{"line":35,"column":29},"end":{"line":35,"column":74}},"locations":[{"start":{"line":35,"column":29},"end":{"line":35,"column":74}}]},"13":{"type":"branch","line":38,"loc":{"start":{"line":38,"column":38},"end":{"line":38,"column":53}},"locations":[{"start":{"line":38,"column":38},"end":{"line":38,"column":53}}]},"14":{"type":"branch","line":38,"loc":{"start":{"line":38,"column":42},"end":{"line":38,"column":55}},"locations":[{"start":{"line":38,"column":42},"end":{"line":38,"column":55}}]},"15":{"type":"branch","line":42,"loc":{"start":{"line":42,"column":7},"end":{"line":44,"column":1}},"locations":[{"start":{"line":42,"column":7},"end":{"line":44,"column":1}}]},"16":{"type":"branch","line":43,"loc":{"start":{"line":43,"column":26},"end":{"line":43,"column":111}},"locations":[{"start":{"line":43,"column":26},"end":{"line":43,"column":111}}]},"17":{"type":"branch","line":43,"loc":{"start":{"line":43,"column":80},"end":{"line":43,"column":114}},"locations":[{"start":{"line":43,"column":80},"end":{"line":43,"column":114}}]},"18":{"type":"branch","line":46,"loc":{"start":{"line":46,"column":0},"end":{"line":53,"column":1}},"locations":[{"start":{"line":46,"column":0},"end":{"line":53,"column":1}}]},"19":{"type":"branch","line":49,"loc":{"start":{"line":49,"column":9},"end":{"line":50,"column":47}},"locations":[{"start":{"line":49,"column":9},"end":{"line":50,"column":47}}]},"20":{"type":"branch","line":50,"loc":{"start":{"line":50,"column":9},"end":{"line":51,"column":28}},"locations":[{"start":{"line":50,"column":9},"end":{"line":51,"column":28}}]},"21":{"type":"branch","line":56,"loc":{"start":{"line":56,"column":7},"end":{"line":58,"column":1}},"locations":[{"start":{"line":56,"column":7},"end":{"line":58,"column":1}}]},"22":{"type":"branch","line":60,"loc":{"start":{"line":60,"column":0},"end":{"line":62,"column":1}},"locations":[{"start":{"line":60,"column":0},"end":{"line":62,"column":1}}]},"23":{"type":"branch","line":61,"loc":{"start":{"line":61,"column":40},"end":{"line":61,"column":66}},"locations":[{"start":{"line":61,"column":40},"end":{"line":61,"column":66}}]},"24":{"type":"branch","line":64,"loc":{"start":{"line":64,"column":0},"end":{"line":73,"column":1}},"locations":[{"start":{"line":64,"column":0},"end":{"line":73,"column":1}}]},"25":{"type":"branch","line":65,"loc":{"start":{"line":65,"column":20},"end":{"line":65,"column":33}},"locations":[{"start":{"line":65,"column":20},"end":{"line":65,"column":33}}]},"26":{"type":"branch","line":70,"loc":{"start":{"line":70,"column":26},"end":{"line":71,"column":31}},"locations":[{"start":{"line":70,"column":26},"end":{"line":71,"column":31}}]},"27":{"type":"branch","line":76,"loc":{"start":{"line":76,"column":0},"end":{"line":95,"column":1}},"locations":[{"start":{"line":76,"column":0},"end":{"line":95,"column":1}}]},"28":{"type":"branch","line":78,"loc":{"start":{"line":78,"column":73},"end":{"line":79,"column":24}},"locations":[{"start":{"line":78,"column":73},"end":{"line":79,"column":24}}]},"29":{"type":"branch","line":79,"loc":{"start":{"line":79,"column":17},"end":{"line":79,"column":29}},"locations":[{"start":{"line":79,"column":17},"end":{"line":79,"column":29}}]},"30":{"type":"branch","line":79,"loc":{"start":{"line":79,"column":24},"end":{"line":81,"column":32}},"locations":[{"start":{"line":79,"column":24},"end":{"line":81,"column":32}}]},"31":{"type":"branch","line":81,"loc":{"start":{"line":81,"column":25},"end":{"line":81,"column":37}},"locations":[{"start":{"line":81,"column":25},"end":{"line":81,"column":37}}]},"32":{"type":"branch","line":81,"loc":{"start":{"line":81,"column":32},"end":{"line":82,"column":39}},"locations":[{"start":{"line":81,"column":32},"end":{"line":82,"column":39}}]},"33":{"type":"branch","line":82,"loc":{"start":{"line":82,"column":34},"end":{"line":82,"column":81}},"locations":[{"start":{"line":82,"column":34},"end":{"line":82,"column":81}}]},"34":{"type":"branch","line":82,"loc":{"start":{"line":82,"column":81},"end":{"line":84,"column":5}},"locations":[{"start":{"line":82,"column":81},"end":{"line":84,"column":5}}]},"35":{"type":"branch","line":84,"loc":{"start":{"line":84,"column":4},"end":{"line":85,"column":51}},"locations":[{"start":{"line":84,"column":4},"end":{"line":85,"column":51}}]},"36":{"type":"branch","line":85,"loc":{"start":{"line":85,"column":44},"end":{"line":85,"column":56}},"locations":[{"start":{"line":85,"column":44},"end":{"line":85,"column":56}}]},"37":{"type":"branch","line":85,"loc":{"start":{"line":85,"column":51},"end":{"line":86,"column":53}},"locations":[{"start":{"line":85,"column":51},"end":{"line":86,"column":53}}]},"38":{"type":"branch","line":86,"loc":{"start":{"line":86,"column":46},"end":{"line":86,"column":58}},"locations":[{"start":{"line":86,"column":46},"end":{"line":86,"column":58}}]},"39":{"type":"branch","line":86,"loc":{"start":{"line":86,"column":53},"end":{"line":92,"column":10}},"locations":[{"start":{"line":86,"column":53},"end":{"line":92,"column":10}}]},"40":{"type":"branch","line":92,"loc":{"start":{"line":92,"column":2},"end":{"line":94,"column":3}},"locations":[{"start":{"line":92,"column":2},"end":{"line":94,"column":3}}]},"41":{"type":"branch","line":97,"loc":{"start":{"line":97,"column":7},"end":{"line":106,"column":1}},"locations":[{"start":{"line":97,"column":7},"end":{"line":106,"column":1}}]},"42":{"type":"branch","line":102,"loc":{"start":{"line":102,"column":17},"end":{"line":102,"column":92}},"locations":[{"start":{"line":102,"column":17},"end":{"line":102,"column":92}}]},"43":{"type":"branch","line":102,"loc":{"start":{"line":102,"column":92},"end":{"line":104,"column":3}},"locations":[{"start":{"line":102,"column":92},"end":{"line":104,"column":3}}]},"44":{"type":"branch","line":102,"loc":{"start":{"line":102,"column":44},"end":{"line":102,"column":89}},"locations":[{"start":{"line":102,"column":44},"end":{"line":102,"column":89}}]},"45":{"type":"branch","line":108,"loc":{"start":{"line":108,"column":7},"end":{"line":110,"column":1}},"locations":[{"start":{"line":108,"column":7},"end":{"line":110,"column":1}}]}},"b":{"0":[3],"1":[2],"2":[1],"3":[1],"4":[2],"5":[0],"6":[2],"7":[2],"8":[6],"9":[2],"10":[0],"11":[0],"12":[1],"13":[1],"14":[1],"15":[2],"16":[1],"17":[0],"18":[9],"19":[8],"20":[1],"21":[2],"22":[16],"23":[15],"24":[9],"25":[0],"26":[7],"27":[9],"28":[8],"29":[1],"30":[7],"31":[1],"32":[6],"33":[5],"34":[1],"35":[5],"36":[1],"37":[4],"38":[1],"39":[3],"40":[1],"41":[5],"42":[4],"43":[3],"44":[4],"45":[1]},"fnMap":{"0":{"name":"loadZapAssetOptions","decl":{"start":{"line":7,"column":7},"end":{"line":29,"column":1}},"loc":{"start":{"line":7,"column":7},"end":{"line":29,"column":1}},"line":7},"1":{"name":"getVaultTokenFromEnv","decl":{"start":{"line":31,"column":7},"end":{"line":40,"column":1}},"loc":{"start":{"line":31,"column":7},"end":{"line":40,"column":1}},"line":31},"2":{"name":"getVaultContractIdFromEnv","decl":{"start":{"line":42,"column":7},"end":{"line":44,"column":1}},"loc":{"start":{"line":42,"column":7},"end":{"line":44,"column":1}},"line":42},"3":{"name":"zapApiBaseUrl","decl":{"start":{"line":46,"column":0},"end":{"line":53,"column":1}},"loc":{"start":{"line":46,"column":0},"end":{"line":53,"column":1}},"line":46},"4":{"name":"shouldLoadZapMetadataFromApi","decl":{"start":{"line":56,"column":7},"end":{"line":58,"column":1}},"loc":{"start":{"line":56,"column":7},"end":{"line":58,"column":1}},"line":56},"5":{"name":"isRecord","decl":{"start":{"line":60,"column":0},"end":{"line":62,"column":1}},"loc":{"start":{"line":60,"column":0},"end":{"line":62,"column":1}},"line":60},"6":{"name":"isZapAssetOption","decl":{"start":{"line":64,"column":0},"end":{"line":73,"column":1}},"loc":{"start":{"line":64,"column":0},"end":{"line":73,"column":1}},"line":64},"7":{"name":"fetchZapSupportedAssetsMetadata","decl":{"start":{"line":76,"column":0},"end":{"line":95,"column":1}},"loc":{"start":{"line":76,"column":0},"end":{"line":95,"column":1}},"line":76},"8":{"name":"mergeVaultIntoZapSelectableAssets","decl":{"start":{"line":97,"column":7},"end":{"line":106,"column":1}},"loc":{"start":{"line":97,"column":7},"end":{"line":106,"column":1}},"line":97},"9":{"name":"buildSelectableZapAssetsFromMetadata","decl":{"start":{"line":108,"column":7},"end":{"line":110,"column":1}},"loc":{"start":{"line":108,"column":7},"end":{"line":110,"column":1}},"line":108}},"f":{"0":3,"1":2,"2":2,"3":9,"4":2,"5":16,"6":9,"7":9,"8":5,"9":1}}
,"/home/caxton/personal/StellarYield/client/src/features/zap/fetchSwapQuote.ts": {"path":"/home/caxton/personal/StellarYield/client/src/features/zap/fetchSwapQuote.ts","all":false,"statementMap":{"2":{"start":{"line":3,"column":0},"end":{"line":3,"column":35}},"3":{"start":{"line":4,"column":0},"end":{"line":4,"column":81}},"4":{"start":{"line":5,"column":0},"end":{"line":5,"column":55}},"5":{"start":{"line":6,"column":0},"end":{"line":6,"column":3}},"6":{"start":{"line":7,"column":0},"end":{"line":7,"column":33}},"7":{"start":{"line":8,"column":0},"end":{"line":8,"column":2}},"13":{"start":{"line":14,"column":0},"end":{"line":14,"column":87}},"14":{"start":{"line":15,"column":0},"end":{"line":15,"column":48}},"15":{"start":{"line":16,"column":0},"end":{"line":16,"column":52}},"16":{"start":{"line":17,"column":0},"end":{"line":17,"column":19}},"17":{"start":{"line":18,"column":0},"end":{"line":18,"column":52}},"18":{"start":{"line":19,"column":0},"end":{"line":19,"column":30}},"19":{"start":{"line":20,"column":0},"end":{"line":20,"column":5}},"21":{"start":{"line":22,"column":0},"end":{"line":22,"column":16}},"22":{"start":{"line":23,"column":0},"end":{"line":23,"column":34}},"23":{"start":{"line":24,"column":0},"end":{"line":24,"column":60}},"24":{"start":{"line":25,"column":0},"end":{"line":25,"column":3}},"26":{"start":{"line":27,"column":0},"end":{"line":27,"column":49}},"27":{"start":{"line":28,"column":0},"end":{"line":28,"column":1}}},"s":{"2":1,"3":4,"4":1,"5":1,"6":3,"7":3,"13":4,"14":4,"15":4,"16":4,"17":4,"18":4,"19":4,"21":4,"22":2,"23":2,"24":2,"26":2,"27":2},"branchMap":{"0":{"type":"branch","line":3,"loc":{"start":{"line":3,"column":20},"end":{"line":8,"column":2}},"locations":[{"start":{"line":3,"column":20},"end":{"line":8,"column":2}}]},"1":{"type":"branch","line":4,"loc":{"start":{"line":4,"column":80},"end":{"line":6,"column":3}},"locations":[{"start":{"line":4,"column":80},"end":{"line":6,"column":3}}]},"2":{"type":"branch","line":6,"loc":{"start":{"line":6,"column":2},"end":{"line":8,"column":2}},"locations":[{"start":{"line":6,"column":2},"end":{"line":8,"column":2}}]},"3":{"type":"branch","line":14,"loc":{"start":{"line":14,"column":0},"end":{"line":28,"column":1}},"locations":[{"start":{"line":14,"column":0},"end":{"line":28,"column":1}}]},"4":{"type":"branch","line":22,"loc":{"start":{"line":22,"column":15},"end":{"line":28,"column":1}},"locations":[{"start":{"line":22,"column":15},"end":{"line":28,"column":1}}]},"5":{"type":"branch","line":24,"loc":{"start":{"line":24,"column":20},"end":{"line":24,"column":58}},"locations":[{"start":{"line":24,"column":20},"end":{"line":24,"column":58}}]}},"b":{"0":[4],"1":[1],"2":[3],"3":[4],"4":[2],"5":[1]},"fnMap":{"0":{"name":"defaultBase","decl":{"start":{"line":3,"column":20},"end":{"line":8,"column":2}},"loc":{"start":{"line":3,"column":20},"end":{"line":8,"column":2}},"line":3},"1":{"name":"fetchSwapQuote","decl":{"start":{"line":14,"column":0},"end":{"line":28,"column":1}},"loc":{"start":{"line":14,"column":0},"end":{"line":28,"column":1}},"line":14}},"f":{"0":4,"1":4}}
,"/home/caxton/personal/StellarYield/client/src/features/zap/slippage.ts": {"path":"/home/caxton/personal/StellarYield/client/src/features/zap/slippage.ts","all":false,"statementMap":{"4":{"start":{"line":5,"column":0},"end":{"line":5,"column":94}},"5":{"start":{"line":6,"column":0},"end":{"line":6,"column":54}},"6":{"start":{"line":7,"column":0},"end":{"line":7,"column":64}},"7":{"start":{"line":8,"column":0},"end":{"line":8,"column":3}},"8":{"start":{"line":9,"column":0},"end":{"line":9,"column":63}},"9":{"start":{"line":10,"column":0},"end":{"line":10,"column":47}},"10":{"start":{"line":11,"column":0},"end":{"line":11,"column":1}}},"s":{"4":1,"5":4,"6":2,"7":2,"8":2,"9":2,"10":2},"branchMap":{"0":{"type":"branch","line":5,"loc":{"start":{"line":5,"column":7},"end":{"line":11,"column":1}},"locations":[{"start":{"line":5,"column":7},"end":{"line":11,"column":1}}]},"1":{"type":"branch","line":6,"loc":{"start":{"line":6,"column":24},"end":{"line":6,"column":53}},"locations":[{"start":{"line":6,"column":24},"end":{"line":6,"column":53}}]},"2":{"type":"branch","line":6,"loc":{"start":{"line":6,"column":53},"end":{"line":11,"column":1}},"locations":[{"start":{"line":6,"column":53},"end":{"line":11,"column":1}}]}},"b":{"0":[4],"1":[3],"2":[2]},"fnMap":{"0":{"name":"minAmountAfterSlippage","decl":{"start":{"line":5,"column":7},"end":{"line":11,"column":1}},"loc":{"start":{"line":5,"column":7},"end":{"line":11,"column":1}},"line":5}},"f":{"0":4}}
,"/home/caxton/personal/StellarYield/client/src/utils/errorDecoder.ts": {"path":"/home/caxton/personal/StellarYield/client/src/utils/errorDecoder.ts","all":false,"statementMap":{"29":{"start":{"line":30,"column":0},"end":{"line":30,"column":33}},"32":{"start":{"line":33,"column":0},"end":{"line":33,"column":5}},"34":{"start":{"line":35,"column":0},"end":{"line":35,"column":8}},"35":{"start":{"line":36,"column":0},"end":{"line":36,"column":42}},"36":{"start":{"line":37,"column":0},"end":{"line":37,"column":63}},"37":{"start":{"line":38,"column":0},"end":{"line":38,"column":94}},"38":{"start":{"line":39,"column":0},"end":{"line":39,"column":6}},"39":{"start":{"line":40,"column":0},"end":{"line":40,"column":8}},"40":{"start":{"line":41,"column":0},"end":{"line":41,"column":37}},"41":{"start":{"line":42,"column":0},"end":{"line":42,"column":58}},"42":{"start":{"line":43,"column":0},"end":{"line":43,"column":65}},"43":{"start":{"line":44,"column":0},"end":{"line":44,"column":6}},"44":{"start":{"line":45,"column":0},"end":{"line":45,"column":8}},"45":{"start":{"line":46,"column":0},"end":{"line":46,"column":29}},"46":{"start":{"line":47,"column":0},"end":{"line":47,"column":77}},"47":{"start":{"line":48,"column":0},"end":{"line":48,"column":67}},"48":{"start":{"line":49,"column":0},"end":{"line":49,"column":6}},"49":{"start":{"line":50,"column":0},"end":{"line":50,"column":8}},"50":{"start":{"line":51,"column":0},"end":{"line":51,"column":37}},"51":{"start":{"line":52,"column":0},"end":{"line":52,"column":83}},"52":{"start":{"line":53,"column":0},"end":{"line":53,"column":86}},"53":{"start":{"line":54,"column":0},"end":{"line":54,"column":6}},"54":{"start":{"line":55,"column":0},"end":{"line":55,"column":8}},"55":{"start":{"line":56,"column":0},"end":{"line":56,"column":30}},"56":{"start":{"line":57,"column":0},"end":{"line":57,"column":72}},"57":{"start":{"line":58,"column":0},"end":{"line":58,"column":83}},"58":{"start":{"line":59,"column":0},"end":{"line":59,"column":6}},"59":{"start":{"line":60,"column":0},"end":{"line":60,"column":8}},"60":{"start":{"line":61,"column":0},"end":{"line":61,"column":29}},"61":{"start":{"line":62,"column":0},"end":{"line":62,"column":94}},"62":{"start":{"line":63,"column":0},"end":{"line":63,"column":87}},"63":{"start":{"line":64,"column":0},"end":{"line":64,"column":6}},"64":{"start":{"line":65,"column":0},"end":{"line":65,"column":8}},"65":{"start":{"line":66,"column":0},"end":{"line":66,"column":30}},"66":{"start":{"line":67,"column":0},"end":{"line":67,"column":66}},"67":{"start":{"line":68,"column":0},"end":{"line":68,"column":85}},"68":{"start":{"line":69,"column":0},"end":{"line":69,"column":6}},"69":{"start":{"line":70,"column":0},"end":{"line":70,"column":8}},"70":{"start":{"line":71,"column":0},"end":{"line":71,"column":33}},"71":{"start":{"line":72,"column":0},"end":{"line":72,"column":84}},"72":{"start":{"line":73,"column":0},"end":{"line":73,"column":71}},"73":{"start":{"line":74,"column":0},"end":{"line":74,"column":6}},"74":{"start":{"line":75,"column":0},"end":{"line":75,"column":8}},"75":{"start":{"line":76,"column":0},"end":{"line":76,"column":38}},"76":{"start":{"line":77,"column":0},"end":{"line":77,"column":75}},"77":{"start":{"line":78,"column":0},"end":{"line":78,"column":83}},"78":{"start":{"line":79,"column":0},"end":{"line":79,"column":6}},"79":{"start":{"line":80,"column":0},"end":{"line":80,"column":9}},"80":{"start":{"line":81,"column":0},"end":{"line":81,"column":35}},"81":{"start":{"line":82,"column":0},"end":{"line":82,"column":100}},"82":{"start":{"line":83,"column":0},"end":{"line":83,"column":93}},"83":{"start":{"line":84,"column":0},"end":{"line":84,"column":6}},"85":{"start":{"line":86,"column":0},"end":{"line":86,"column":11}},"86":{"start":{"line":87,"column":0},"end":{"line":87,"column":37}},"87":{"start":{"line":88,"column":0},"end":{"line":88,"column":73}},"88":{"start":{"line":89,"column":0},"end":{"line":89,"column":100}},"89":{"start":{"line":90,"column":0},"end":{"line":90,"column":6}},"90":{"start":{"line":91,"column":0},"end":{"line":91,"column":11}},"91":{"start":{"line":92,"column":0},"end":{"line":92,"column":34}},"92":{"start":{"line":93,"column":0},"end":{"line":93,"column":85}},"93":{"start":{"line":94,"column":0},"end":{"line":94,"column":96}},"94":{"start":{"line":95,"column":0},"end":{"line":95,"column":6}},"95":{"start":{"line":96,"column":0},"end":{"line":96,"column":11}},"96":{"start":{"line":97,"column":0},"end":{"line":97,"column":33}},"97":{"start":{"line":98,"column":0},"end":{"line":98,"column":74}},"98":{"start":{"line":99,"column":0},"end":{"line":99,"column":87}},"99":{"start":{"line":100,"column":0},"end":{"line":100,"column":6}},"101":{"start":{"line":102,"column":0},"end":{"line":102,"column":11}},"102":{"start":{"line":103,"column":0},"end":{"line":103,"column":45}},"103":{"start":{"line":104,"column":0},"end":{"line":104,"column":73}},"104":{"start":{"line":105,"column":0},"end":{"line":105,"column":66}},"105":{"start":{"line":106,"column":0},"end":{"line":106,"column":6}},"106":{"start":{"line":107,"column":0},"end":{"line":107,"column":11}},"107":{"start":{"line":108,"column":0},"end":{"line":108,"column":41}},"108":{"start":{"line":109,"column":0},"end":{"line":109,"column":84}},"109":{"start":{"line":110,"column":0},"end":{"line":110,"column":91}},"110":{"start":{"line":111,"column":0},"end":{"line":111,"column":6}},"112":{"start":{"line":113,"column":0},"end":{"line":113,"column":11}},"113":{"start":{"line":114,"column":0},"end":{"line":114,"column":47}},"114":{"start":{"line":115,"column":0},"end":{"line":115,"column":86}},"115":{"start":{"line":116,"column":0},"end":{"line":116,"column":64}},"116":{"start":{"line":117,"column":0},"end":{"line":117,"column":6}},"117":{"start":{"line":118,"column":0},"end":{"line":118,"column":11}},"118":{"start":{"line":119,"column":0},"end":{"line":119,"column":31}},"119":{"start":{"line":120,"column":0},"end":{"line":120,"column":72}},"120":{"start":{"line":121,"column":0},"end":{"line":121,"column":70}},"121":{"start":{"line":122,"column":0},"end":{"line":122,"column":6}},"122":{"start":{"line":123,"column":0},"end":{"line":123,"column":2}},"139":{"start":{"line":140,"column":0},"end":{"line":140,"column":67}},"140":{"start":{"line":141,"column":0},"end":{"line":141,"column":31}},"143":{"start":{"line":144,"column":0},"end":{"line":144,"column":84}},"144":{"start":{"line":145,"column":0},"end":{"line":145,"column":59}},"147":{"start":{"line":148,"column":0},"end":{"line":148,"column":62}},"148":{"start":{"line":149,"column":0},"end":{"line":149,"column":55}},"151":{"start":{"line":152,"column":0},"end":{"line":152,"column":9}},"152":{"start":{"line":153,"column":0},"end":{"line":153,"column":50}},"153":{"start":{"line":154,"column":0},"end":{"line":154,"column":12}},"154":{"start":{"line":155,"column":0},"end":{"line":155,"column":30}},"155":{"start":{"line":156,"column":0},"end":{"line":156,"column":41}},"156":{"start":{"line":157,"column":0},"end":{"line":157,"column":31}},"157":{"start":{"line":158,"column":0},"end":{"line":158,"column":72}},"158":{"start":{"line":159,"column":0},"end":{"line":159,"column":11}},"159":{"start":{"line":160,"column":0},"end":{"line":160,"column":59}},"160":{"start":{"line":161,"column":0},"end":{"line":161,"column":9}},"161":{"start":{"line":162,"column":0},"end":{"line":162,"column":13}},"163":{"start":{"line":164,"column":0},"end":{"line":164,"column":5}},"165":{"start":{"line":166,"column":0},"end":{"line":166,"column":21}},"166":{"start":{"line":167,"column":0},"end":{"line":167,"column":1}},"178":{"start":{"line":179,"column":0},"end":{"line":179,"column":67}},"179":{"start":{"line":180,"column":0},"end":{"line":180,"column":72}},"180":{"start":{"line":181,"column":0},"end":{"line":181,"column":43}},"182":{"start":{"line":183,"column":0},"end":{"line":183,"column":59}},"183":{"start":{"line":184,"column":0},"end":{"line":184,"column":16}},"184":{"start":{"line":185,"column":0},"end":{"line":185,"column":40}},"185":{"start":{"line":186,"column":0},"end":{"line":186,"column":17}},"186":{"start":{"line":187,"column":0},"end":{"line":187,"column":25}},"187":{"start":{"line":188,"column":0},"end":{"line":188,"column":10}},"188":{"start":{"line":189,"column":0},"end":{"line":189,"column":5}},"191":{"start":{"line":192,"column":0},"end":{"line":192,"column":65}},"192":{"start":{"line":193,"column":0},"end":{"line":193,"column":16}},"193":{"start":{"line":194,"column":0},"end":{"line":194,"column":43}},"194":{"start":{"line":195,"column":0},"end":{"line":195,"column":68}},"195":{"start":{"line":196,"column":0},"end":{"line":196,"column":87}},"196":{"start":{"line":197,"column":0},"end":{"line":197,"column":25}},"197":{"start":{"line":198,"column":0},"end":{"line":198,"column":10}},"198":{"start":{"line":199,"column":0},"end":{"line":199,"column":5}},"200":{"start":{"line":201,"column":0},"end":{"line":201,"column":54}},"201":{"start":{"line":202,"column":0},"end":{"line":202,"column":16}},"202":{"start":{"line":203,"column":0},"end":{"line":203,"column":40}},"203":{"start":{"line":204,"column":0},"end":{"line":204,"column":79}},"204":{"start":{"line":205,"column":0},"end":{"line":205,"column":76}},"205":{"start":{"line":206,"column":0},"end":{"line":206,"column":25}},"206":{"start":{"line":207,"column":0},"end":{"line":207,"column":10}},"207":{"start":{"line":208,"column":0},"end":{"line":208,"column":5}},"209":{"start":{"line":210,"column":0},"end":{"line":210,"column":49}},"210":{"start":{"line":211,"column":0},"end":{"line":211,"column":16}},"211":{"start":{"line":212,"column":0},"end":{"line":212,"column":35}},"212":{"start":{"line":213,"column":0},"end":{"line":213,"column":60}},"213":{"start":{"line":214,"column":0},"end":{"line":214,"column":72}},"214":{"start":{"line":215,"column":0},"end":{"line":215,"column":25}},"215":{"start":{"line":216,"column":0},"end":{"line":216,"column":10}},"216":{"start":{"line":217,"column":0},"end":{"line":217,"column":5}},"219":{"start":{"line":220,"column":0},"end":{"line":220,"column":12}},"220":{"start":{"line":221,"column":0},"end":{"line":221,"column":36}},"221":{"start":{"line":222,"column":0},"end":{"line":222,"column":83}},"222":{"start":{"line":223,"column":0},"end":{"line":223,"column":80}},"223":{"start":{"line":224,"column":0},"end":{"line":224,"column":21}},"224":{"start":{"line":225,"column":0},"end":{"line":225,"column":13}},"225":{"start":{"line":226,"column":0},"end":{"line":226,"column":6}},"226":{"start":{"line":227,"column":0},"end":{"line":227,"column":1}}},"s":{"29":1,"32":1,"34":1,"35":1,"36":1,"37":1,"38":1,"39":1,"40":1,"41":1,"42":1,"43":1,"44":1,"45":1,"46":1,"47":1,"48":1,"49":1,"50":1,"51":1,"52":1,"53":1,"54":1,"55":1,"56":1,"57":1,"58":1,"59":1,"60":1,"61":1,"62":1,"63":1,"64":1,"65":1,"66":1,"67":1,"68":1,"69":1,"70":1,"71":1,"72":1,"73":1,"74":1,"75":1,"76":1,"77":1,"78":1,"79":1,"80":1,"81":1,"82":1,"83":1,"85":1,"86":1,"87":1,"88":1,"89":1,"90":1,"91":1,"92":1,"93":1,"94":1,"95":1,"96":1,"97":1,"98":1,"99":1,"101":1,"102":1,"103":1,"104":1,"105":1,"106":1,"107":1,"108":1,"109":1,"110":1,"112":1,"113":1,"114":1,"115":1,"116":1,"117":1,"118":1,"119":1,"120":1,"121":1,"122":1,"139":1,"140":37,"143":35,"144":37,"147":13,"148":37,"151":10,"152":10,"153":10,"154":10,"155":3,"156":3,"157":3,"158":37,"159":2,"160":2,"161":37,"163":7,"165":8,"166":8,"178":1,"179":27,"180":27,"182":27,"183":21,"184":21,"185":21,"186":21,"187":21,"188":21,"191":27,"192":2,"193":2,"194":2,"195":2,"196":2,"197":2,"198":2,"200":27,"201":1,"202":1,"203":1,"204":1,"205":1,"206":1,"207":1,"209":27,"210":1,"211":1,"212":1,"213":1,"214":1,"215":1,"216":1,"219":2,"220":2,"221":2,"222":2,"223":2,"224":2,"225":2,"226":2},"branchMap":{"0":{"type":"branch","line":140,"loc":{"start":{"line":140,"column":7},"end":{"line":167,"column":1}},"locations":[{"start":{"line":140,"column":7},"end":{"line":167,"column":1}}]},"1":{"type":"branch","line":141,"loc":{"start":{"line":141,"column":14},"end":{"line":141,"column":31}},"locations":[{"start":{"line":141,"column":14},"end":{"line":141,"column":31}}]},"2":{"type":"branch","line":141,"loc":{"start":{"line":141,"column":21},"end":{"line":145,"column":29}},"locations":[{"start":{"line":141,"column":21},"end":{"line":145,"column":29}}]},"3":{"type":"branch","line":145,"loc":{"start":{"line":145,"column":22},"end":{"line":145,"column":59}},"locations":[{"start":{"line":145,"column":22},"end":{"line":145,"column":59}}]},"4":{"type":"branch","line":145,"loc":{"start":{"line":145,"column":57},"end":{"line":149,"column":27}},"locations":[{"start":{"line":145,"column":57},"end":{"line":149,"column":27}}]},"5":{"type":"branch","line":149,"loc":{"start":{"line":149,"column":20},"end":{"line":149,"column":55}},"locations":[{"start":{"line":149,"column":20},"end":{"line":149,"column":55}}]},"6":{"type":"branch","line":149,"loc":{"start":{"line":149,"column":53},"end":{"line":155,"column":30}},"locations":[{"start":{"line":149,"column":53},"end":{"line":155,"column":30}}]},"7":{"type":"branch","line":155,"loc":{"start":{"line":155,"column":23},"end":{"line":156,"column":41}},"locations":[{"start":{"line":155,"column":23},"end":{"line":156,"column":41}}]},"8":{"type":"branch","line":156,"loc":{"start":{"line":156,"column":30},"end":{"line":157,"column":31}},"locations":[{"start":{"line":156,"column":30},"end":{"line":157,"column":31}}]},"9":{"type":"branch","line":157,"loc":{"start":{"line":157,"column":22},"end":{"line":158,"column":72}},"locations":[{"start":{"line":157,"column":22},"end":{"line":158,"column":72}}]},"10":{"type":"branch","line":159,"loc":{"start":{"line":159,"column":10},"end":{"line":161,"column":9}},"locations":[{"start":{"line":159,"column":10},"end":{"line":161,"column":9}}]},"11":{"type":"branch","line":162,"loc":{"start":{"line":162,"column":4},"end":{"line":164,"column":5}},"locations":[{"start":{"line":162,"column":4},"end":{"line":164,"column":5}}]},"12":{"type":"branch","line":164,"loc":{"start":{"line":164,"column":4},"end":{"line":167,"column":1}},"locations":[{"start":{"line":164,"column":4},"end":{"line":167,"column":1}}]},"13":{"type":"branch","line":179,"loc":{"start":{"line":179,"column":7},"end":{"line":227,"column":1}},"locations":[{"start":{"line":179,"column":7},"end":{"line":227,"column":1}}]},"14":{"type":"branch","line":180,"loc":{"start":{"line":180,"column":46},"end":{"line":180,"column":72}},"locations":[{"start":{"line":180,"column":46},"end":{"line":180,"column":72}}]},"15":{"type":"branch","line":183,"loc":{"start":{"line":183,"column":17},"end":{"line":183,"column":58}},"locations":[{"start":{"line":183,"column":17},"end":{"line":183,"column":58}}]},"16":{"type":"branch","line":183,"loc":{"start":{"line":183,"column":58},"end":{"line":189,"column":5}},"locations":[{"start":{"line":183,"column":58},"end":{"line":189,"column":5}}]},"17":{"type":"branch","line":189,"loc":{"start":{"line":189,"column":4},"end":{"line":192,"column":64}},"locations":[{"start":{"line":189,"column":4},"end":{"line":192,"column":64}}]},"18":{"type":"branch","line":192,"loc":{"start":{"line":192,"column":64},"end":{"line":199,"column":5}},"locations":[{"start":{"line":192,"column":64},"end":{"line":199,"column":5}}]},"19":{"type":"branch","line":199,"loc":{"start":{"line":199,"column":4},"end":{"line":201,"column":53}},"locations":[{"start":{"line":199,"column":4},"end":{"line":201,"column":53}}]},"20":{"type":"branch","line":201,"loc":{"start":{"line":201,"column":53},"end":{"line":208,"column":5}},"locations":[{"start":{"line":201,"column":53},"end":{"line":208,"column":5}}]},"21":{"type":"branch","line":208,"loc":{"start":{"line":208,"column":4},"end":{"line":210,"column":48}},"locations":[{"start":{"line":208,"column":4},"end":{"line":210,"column":48}}]},"22":{"type":"branch","line":210,"loc":{"start":{"line":210,"column":48},"end":{"line":217,"column":5}},"locations":[{"start":{"line":210,"column":48},"end":{"line":217,"column":5}}]},"23":{"type":"branch","line":217,"loc":{"start":{"line":217,"column":4},"end":{"line":227,"column":1}},"locations":[{"start":{"line":217,"column":4},"end":{"line":227,"column":1}}]}},"b":{"0":[37],"1":[2],"2":[35],"3":[22],"4":[13],"5":[3],"6":[10],"7":[3],"8":[3],"9":[3],"10":[2],"11":[7],"12":[8],"13":[27],"14":[0],"15":[21],"16":[21],"17":[6],"18":[2],"19":[4],"20":[1],"21":[3],"22":[1],"23":[2]},"fnMap":{"0":{"name":"extractErrorCode","decl":{"start":{"line":140,"column":7},"end":{"line":167,"column":1}},"loc":{"start":{"line":140,"column":7},"end":{"line":167,"column":1}},"line":140},"1":{"name":"decodeTransactionError","decl":{"start":{"line":179,"column":7},"end":{"line":227,"column":1}},"loc":{"start":{"line":179,"column":7},"end":{"line":227,"column":1}},"line":179}},"f":{"0":37,"1":27}}
}
