{"/Users/inhousecodes/Documents/stellar-yield/StellarYield/backend/keepers/src/config/index.ts": {"path":"/Users/inhousecodes/Documents/stellar-yield/StellarYield/backend/keepers/src/config/index.ts","statementMap":{"0":{"start":{"line":1,"column":0},"end":{"line":1,"column":28}},"1":{"start":{"line":3,"column":0},"end":{"line":3,"column":16}},"2":{"start":{"line":12,"column":16},"end":{"line":12,"column":32}},"3":{"start":{"line":13,"column":2},"end":{"line":18,"column":3}},"4":{"start":{"line":14,"column":4},"end":{"line":16,"column":5}},"5":{"start":{"line":15,"column":6},"end":{"line":15,"column":27}},"6":{"start":{"line":17,"column":4},"end":{"line":17,"column":69}},"7":{"start":{"line":19,"column":2},"end":{"line":19,"column":15}},"8":{"start":{"line":23,"column":2},"end":{"line":23,"column":42}},"9":{"start":{"line":27,"column":14},"end":{"line":27,"column":30}},"10":{"start":{"line":28,"column":2},"end":{"line":28,"column":32}},"11":{"start":{"line":28,"column":12},"end":{"line":28,"column":32}},"12":{"start":{"line":29,"column":12},"end":{"line":29,"column":29}},"13":{"start":{"line":30,"column":2},"end":{"line":30,"column":96}},"14":{"start":{"line":30,"column":16},"end":{"line":30,"column":96}},"15":{"start":{"line":31,"column":2},"end":{"line":31,"column":11}},"16":{"start":{"line":34,"column":13},"end":{"line":68,"column":11}}},"fnMap":{"0":{"name":"requireEnv","decl":{"start":{"line":11,"column":9},"end":{"line":11,"column":19}},"loc":{"start":{"line":11,"column":31},"end":{"line":20,"column":1}}},"1":{"name":"optionalEnv","decl":{"start":{"line":22,"column":9},"end":{"line":22,"column":20}},"loc":{"start":{"line":22,"column":54},"end":{"line":24,"column":1}}},"2":{"name":"optionalInt","decl":{"start":{"line":26,"column":9},"end":{"line":26,"column":20}},"loc":{"start":{"line":26,"column":54},"end":{"line":32,"column":1}}}},"branchMap":{"0":{"loc":{"start":{"line":13,"column":2},"end":{"line":18,"column":3}},"type":"if","locations":[{"start":{"line":13,"column":2},"end":{"line":18,"column":3}},{"start":{},"end":{}}]},"1":{"loc":{"start":{"line":14,"column":4},"end":{"line":16,"column":5}},"type":"if","locations":[{"start":{"line":14,"column":4},"end":{"line":16,"column":5}},{"start":{},"end":{}}]},"2":{"loc":{"start":{"line":23,"column":9},"end":{"line":23,"column":41}},"type":"binary-expr","locations":[{"start":{"line":23,"column":9},"end":{"line":23,"column":25}},{"start":{"line":23,"column":29},"end":{"line":23,"column":41}}]},"3":{"loc":{"start":{"line":28,"column":2},"end":{"line":28,"column":32}},"type":"if","locations":[{"start":{"line":28,"column":2},"end":{"line":28,"column":32}},{"start":{},"end":{}}]},"4":{"loc":{"start":{"line":30,"column":2},"end":{"line":30,"column":96}},"type":"if","locations":[{"start":{"line":30,"column":2},"end":{"line":30,"column":96}},{"start":{},"end":{}}]}},"s":{"0":42,"1":42,"2":81,"3":81,"4":1,"5":0,"6":1,"7":80,"8":286,"9":238,"10":238,"11":123,"12":115,"13":115,"14":2,"15":113,"16":42},"f":{"0":81,"1":286,"2":238},"b":{"0":[1,80],"1":[0,1],"2":[286,122],"3":[123,115],"4":[2,113]}}
,"/Users/inhousecodes/Documents/stellar-yield/StellarYield/backend/keepers/src/monitors/CompoundScheduler.ts": {"path":"/Users/inhousecodes/Documents/stellar-yield/StellarYield/backend/keepers/src/monitors/CompoundScheduler.ts","statementMap":{"0":{"start":{"line":2,"column":0},"end":{"line":2,"column":35}},"1":{"start":{"line":3,"column":0},"end":{"line":3,"column":41}},"2":{"start":{"line":18,"column":21},"end":{"line":18,"column":58}},"3":{"start":{"line":19,"column":21},"end":{"line":19,"column":40}},"4":{"start":{"line":27,"column":4},"end":{"line":29,"column":5}},"5":{"start":{"line":28,"column":6},"end":{"line":28,"column":40}},"6":{"start":{"line":30,"column":4},"end":{"line":30,"column":96}},"7":{"start":{"line":35,"column":18},"end":{"line":35,"column":47}},"8":{"start":{"line":36,"column":34},"end":{"line":39,"column":6}},"9":{"start":{"line":41,"column":4},"end":{"line":46,"column":7}},"10":{"start":{"line":48,"column":4},"end":{"line":48,"column":89}},"11":{"start":{"line":53,"column":4},"end":{"line":53,"column":38}},"12":{"start":{"line":54,"column":4},"end":{"line":54,"column":46}},"13":{"start":{"line":59,"column":16},"end":{"line":59,"column":52}},"14":{"start":{"line":60,"column":4},"end":{"line":62,"column":5}},"15":{"start":{"line":61,"column":6},"end":{"line":61,"column":33}},"16":{"start":{"line":63,"column":4},"end":{"line":66,"column":6}},"17":{"start":{"line":67,"column":4},"end":{"line":67,"column":87}},"18":{"start":{"line":16,"column":0},"end":{"line":16,"column":13}}},"fnMap":{"0":{"name":"(anonymous_0)","decl":{"start":{"line":17,"column":2},"end":{"line":17,"column":null}},"loc":{"start":{"line":19,"column":94},"end":{"line":20,"column":6}}},"1":{"name":"(anonymous_1)","decl":{"start":{"line":26,"column":2},"end":{"line":26,"column":7}},"loc":{"start":{"line":26,"column":13},"end":{"line":31,"column":3}}},"2":{"name":"(anonymous_2)","decl":{"start":{"line":34,"column":2},"end":{"line":34,"column":7}},"loc":{"start":{"line":34,"column":45},"end":{"line":49,"column":3}}},"3":{"name":"(anonymous_3)","decl":{"start":{"line":52,"column":2},"end":{"line":52,"column":7}},"loc":{"start":{"line":52,"column":40},"end":{"line":55,"column":3}}},"4":{"name":"(anonymous_4)","decl":{"start":{"line":58,"column":2},"end":{"line":58,"column":7}},"loc":{"start":{"line":58,"column":43},"end":{"line":68,"column":3}}}},"branchMap":{"0":{"loc":{"start":{"line":19,"column":21},"end":{"line":19,"column":94}},"type":"default-arg","locations":[{"start":{"line":19,"column":40},"end":{"line":19,"column":94}}]},"1":{"loc":{"start":{"line":19,"column":40},"end":{"line":19,"column":94}},"type":"cond-expr","locations":[{"start":{"line":19,"column":65},"end":{"line":19,"column":89}},{"start":{"line":19,"column":92},"end":{"line":19,"column":94}}]},"2":{"loc":{"start":{"line":60,"column":4},"end":{"line":62,"column":5}},"type":"if","locations":[{"start":{"line":60,"column":4},"end":{"line":62,"column":5}},{"start":{},"end":{}}]}},"s":{"0":1,"1":1,"2":6,"3":6,"4":2,"5":2,"6":2,"7":4,"8":4,"9":4,"10":4,"11":1,"12":1,"13":1,"14":1,"15":1,"16":1,"17":1,"18":1},"f":{"0":6,"1":2,"2":4,"3":1,"4":1},"b":{"0":[0],"1":[0,0],"2":[1,0]}}
,"/Users/inhousecodes/Documents/stellar-yield/StellarYield/backend/keepers/src/monitors/VaultMonitor.ts": {"path":"/Users/inhousecodes/Documents/stellar-yield/StellarYield/backend/keepers/src/monitors/VaultMonitor.ts","statementMap":{"0":{"start":{"line":1,"column":0},"end":{"line":1,"column":72}},"1":{"start":{"line":3,"column":0},"end":{"line":3,"column":35}},"2":{"start":{"line":4,"column":0},"end":{"line":4,"column":41}},"3":{"start":{"line":31,"column":41},"end":{"line":31,"column":45}},"4":{"start":{"line":34,"column":21},"end":{"line":34,"column":64}},"5":{"start":{"line":35,"column":21},"end":{"line":35,"column":42}},"6":{"start":{"line":38,"column":4},"end":{"line":38,"column":69}},"7":{"start":{"line":46,"column":4},"end":{"line":49,"column":6}},"8":{"start":{"line":50,"column":4},"end":{"line":50,"column":21}},"9":{"start":{"line":51,"column":4},"end":{"line":51,"column":83}},"10":{"start":{"line":51,"column":35},"end":{"line":51,"column":51}},"11":{"start":{"line":56,"column":4},"end":{"line":60,"column":5}},"12":{"start":{"line":57,"column":6},"end":{"line":57,"column":32}},"13":{"start":{"line":58,"column":6},"end":{"line":58,"column":24}},"14":{"start":{"line":59,"column":6},"end":{"line":59,"column":44}},"15":{"start":{"line":72,"column":4},"end":{"line":72,"column":54}},"16":{"start":{"line":74,"column":4},"end":{"line":92,"column":5}},"17":{"start":{"line":75,"column":22},"end":{"line":75,"column":53}},"18":{"start":{"line":76,"column":20},"end":{"line":76,"column":21}},"19":{"start":{"line":78,"column":6},"end":{"line":87,"column":7}},"20":{"start":{"line":79,"column":24},"end":{"line":79,"column":55}},"21":{"start":{"line":80,"column":20},"end":{"line":80,"column":51}},"22":{"start":{"line":81,"column":8},"end":{"line":81,"column":27}},"23":{"start":{"line":81,"column":18},"end":{"line":81,"column":27}},"24":{"start":{"line":83,"column":8},"end":{"line":86,"column":9}},"25":{"start":{"line":84,"column":10},"end":{"line":84,"column":20}},"26":{"start":{"line":85,"column":10},"end":{"line":85,"column":48}},"27":{"start":{"line":89,"column":6},"end":{"line":89,"column":88}},"28":{"start":{"line":91,"column":6},"end":{"line":91,"column":64}},"29":{"start":{"line":103,"column":49},"end":{"line":103,"column":51}},"30":{"start":{"line":104,"column":21},"end":{"line":104,"column":53}},"31":{"start":{"line":106,"column":4},"end":{"line":111,"column":5}},"32":{"start":{"line":107,"column":6},"end":{"line":109,"column":8}},"33":{"start":{"line":110,"column":6},"end":{"line":110,"column":16}},"34":{"start":{"line":114,"column":26},"end":{"line":122,"column":6}},"35":{"start":{"line":115,"column":6},"end":{"line":121,"column":7}},"36":{"start":{"line":116,"column":20},"end":{"line":116,"column":42}},"37":{"start":{"line":117,"column":8},"end":{"line":117,"column":98}},"38":{"start":{"line":120,"column":8},"end":{"line":120,"column":20}},"39":{"start":{"line":124,"column":20},"end":{"line":124,"column":52}},"40":{"start":{"line":125,"column":4},"end":{"line":125,"column":77}},"41":{"start":{"line":125,"column":65},"end":{"line":125,"column":75}},"42":{"start":{"line":130,"column":22},"end":{"line":130,"column":52}},"43":{"start":{"line":131,"column":21},"end":{"line":134,"column":6}},"44":{"start":{"line":135,"column":4},"end":{"line":135,"column":40}},"45":{"start":{"line":143,"column":4},"end":{"line":157,"column":5}},"46":{"start":{"line":144,"column":18},"end":{"line":144,"column":56}},"47":{"start":{"line":146,"column":23},"end":{"line":149,"column":null}},"48":{"start":{"line":152,"column":20},"end":{"line":152,"column":53}},"49":{"start":{"line":153,"column":21},"end":{"line":153,"column":41}},"50":{"start":{"line":154,"column":6},"end":{"line":154,"column":38}},"51":{"start":{"line":156,"column":6},"end":{"line":156,"column":43}},"52":{"start":{"line":173,"column":4},"end":{"line":213,"column":5}},"53":{"start":{"line":175,"column":19},"end":{"line":175,"column":43}},"54":{"start":{"line":176,"column":23},"end":{"line":176,"column":33}},"55":{"start":{"line":179,"column":6},"end":{"line":179,"column":68}},"56":{"start":{"line":179,"column":56},"end":{"line":179,"column":68}},"57":{"start":{"line":181,"column":21},"end":{"line":181,"column":41}},"58":{"start":{"line":182,"column":24},"end":{"line":185,"column":8}},"59":{"start":{"line":183,"column":18},"end":{"line":183,"column":25}},"60":{"start":{"line":184,"column":8},"end":{"line":184,"column":88}},"61":{"start":{"line":186,"column":6},"end":{"line":186,"column":34}},"62":{"start":{"line":186,"column":22},"end":{"line":186,"column":34}},"63":{"start":{"line":188,"column":29},"end":{"line":188,"column":69}},"64":{"start":{"line":191,"column":23},"end":{"line":191,"column":33}},"65":{"start":{"line":192,"column":39},"end":{"line":192,"column":59}},"66":{"start":{"line":194,"column":23},"end":{"line":198,"column":7}},"67":{"start":{"line":195,"column":18},"end":{"line":195,"column":85}},"68":{"start":{"line":195,"column":44},"end":{"line":195,"column":84}},"69":{"start":{"line":196,"column":8},"end":{"line":196,"column":26}},"70":{"start":{"line":196,"column":16},"end":{"line":196,"column":26}},"71":{"start":{"line":197,"column":8},"end":{"line":197,"column":56}},"72":{"start":{"line":200,"column":25},"end":{"line":200,"column":47}},"73":{"start":{"line":201,"column":25},"end":{"line":201,"column":48}},"74":{"start":{"line":202,"column":24},"end":{"line":202,"column":53}},"75":{"start":{"line":203,"column":24},"end":{"line":203,"column":66}},"76":{"start":{"line":206,"column":8},"end":{"line":208,"column":54}},"77":{"start":{"line":210,"column":6},"end":{"line":210,"column":63}},"78":{"start":{"line":212,"column":6},"end":{"line":212,"column":18}},"79":{"start":{"line":218,"column":18},"end":{"line":218,"column":51}},"80":{"start":{"line":219,"column":37},"end":{"line":224,"column":6}},"81":{"start":{"line":226,"column":4},"end":{"line":228,"column":7}},"82":{"start":{"line":230,"column":4},"end":{"line":233,"column":6}},"83":{"start":{"line":29,"column":0},"end":{"line":29,"column":13}}},"fnMap":{"0":{"name":"(anonymous_0)","decl":{"start":{"line":33,"column":2},"end":{"line":33,"column":null}},"loc":{"start":{"line":36,"column":56},"end":{"line":39,"column":3}}},"1":{"name":"(anonymous_1)","decl":{"start":{"line":45,"column":2},"end":{"line":45,"column":7}},"loc":{"start":{"line":45,"column":7},"end":{"line":52,"column":3}}},"2":{"name":"(anonymous_2)","decl":{"start":{"line":51,"column":29},"end":{"line":51,"column":32}},"loc":{"start":{"line":51,"column":35},"end":{"line":51,"column":51}}},"3":{"name":"(anonymous_3)","decl":{"start":{"line":55,"column":2},"end":{"line":55,"column":6}},"loc":{"start":{"line":55,"column":6},"end":{"line":61,"column":3}}},"4":{"name":"(anonymous_4)","decl":{"start":{"line":71,"column":2},"end":{"line":71,"column":7}},"loc":{"start":{"line":71,"column":12},"end":{"line":93,"column":3}}},"5":{"name":"(anonymous_5)","decl":{"start":{"line":102,"column":2},"end":{"line":102,"column":7}},"loc":{"start":{"line":102,"column":26},"end":{"line":126,"column":3}}},"6":{"name":"(anonymous_6)","decl":{"start":{"line":114,"column":39},"end":{"line":114,"column":44}},"loc":{"start":{"line":114,"column":54},"end":{"line":122,"column":5}}},"7":{"name":"(anonymous_7)","decl":{"start":{"line":125,"column":26},"end":{"line":125,"column":27}},"loc":{"start":{"line":125,"column":65},"end":{"line":125,"column":75}}},"8":{"name":"(anonymous_8)","decl":{"start":{"line":129,"column":10},"end":{"line":129,"column":21}},"loc":{"start":{"line":129,"column":37},"end":{"line":136,"column":3}}},"9":{"name":"(anonymous_9)","decl":{"start":{"line":142,"column":2},"end":{"line":142,"column":7}},"loc":{"start":{"line":142,"column":26},"end":{"line":158,"column":3}}},"10":{"name":"(anonymous_10)","decl":{"start":{"line":169,"column":2},"end":{"line":169,"column":12}},"loc":{"start":{"line":171,"column":27},"end":{"line":214,"column":3}}},"11":{"name":"(anonymous_11)","decl":{"start":{"line":182,"column":36},"end":{"line":182,"column":37}},"loc":{"start":{"line":182,"column":42},"end":{"line":185,"column":7}}},"12":{"name":"(anonymous_12)","decl":{"start":{"line":194,"column":23},"end":{"line":194,"column":24}},"loc":{"start":{"line":194,"column":48},"end":{"line":198,"column":7}}},"13":{"name":"(anonymous_13)","decl":{"start":{"line":195,"column":30},"end":{"line":195,"column":31}},"loc":{"start":{"line":195,"column":44},"end":{"line":195,"column":84}}},"14":{"name":"(anonymous_14)","decl":{"start":{"line":217,"column":10},"end":{"line":217,"column":15}},"loc":{"start":{"line":217,"column":51},"end":{"line":234,"column":3}}}},"branchMap":{"0":{"loc":{"start":{"line":35,"column":21},"end":{"line":35,"column":76}},"type":"default-arg","locations":[{"start":{"line":35,"column":42},"end":{"line":35,"column":76}}]},"1":{"loc":{"start":{"line":36,"column":4},"end":{"line":36,"column":56}},"type":"default-arg","locations":[{"start":{"line":36,"column":28},"end":{"line":36,"column":56}}]},"2":{"loc":{"start":{"line":56,"column":4},"end":{"line":60,"column":5}},"type":"if","locations":[{"start":{"line":56,"column":4},"end":{"line":60,"column":5}},{"start":{},"end":{}}]},"3":{"loc":{"start":{"line":81,"column":8},"end":{"line":81,"column":27}},"type":"if","locations":[{"start":{"line":81,"column":8},"end":{"line":81,"column":27}},{"start":{},"end":{}}]},"4":{"loc":{"start":{"line":83,"column":8},"end":{"line":86,"column":9}},"type":"if","locations":[{"start":{"line":83,"column":8},"end":{"line":86,"column":9}},{"start":{},"end":{}}]},"5":{"loc":{"start":{"line":106,"column":4},"end":{"line":111,"column":5}},"type":"if","locations":[{"start":{"line":106,"column":4},"end":{"line":111,"column":5}},{"start":{},"end":{}}]},"6":{"loc":{"start":{"line":179,"column":6},"end":{"line":179,"column":68}},"type":"if","locations":[{"start":{"line":179,"column":6},"end":{"line":179,"column":68}},{"start":{},"end":{}}]},"7":{"loc":{"start":{"line":181,"column":21},"end":{"line":181,"column":41}},"type":"binary-expr","locations":[{"start":{"line":181,"column":21},"end":{"line":181,"column":35}},{"start":{"line":181,"column":39},"end":{"line":181,"column":41}}]},"8":{"loc":{"start":{"line":184,"column":15},"end":{"line":184,"column":87}},"type":"binary-expr","locations":[{"start":{"line":184,"column":15},"end":{"line":184,"column":55}},{"start":{"line":184,"column":59},"end":{"line":184,"column":87}}]},"9":{"loc":{"start":{"line":186,"column":6},"end":{"line":186,"column":34}},"type":"if","locations":[{"start":{"line":186,"column":6},"end":{"line":186,"column":34}},{"start":{},"end":{}}]},"10":{"loc":{"start":{"line":192,"column":39},"end":{"line":192,"column":59}},"type":"binary-expr","locations":[{"start":{"line":192,"column":39},"end":{"line":192,"column":53}},{"start":{"line":192,"column":57},"end":{"line":192,"column":59}}]},"11":{"loc":{"start":{"line":196,"column":8},"end":{"line":196,"column":26}},"type":"if","locations":[{"start":{"line":196,"column":8},"end":{"line":196,"column":26}},{"start":{},"end":{}}]},"12":{"loc":{"start":{"line":206,"column":8},"end":{"line":208,"column":54}},"type":"cond-expr","locations":[{"start":{"line":207,"column":12},"end":{"line":207,"column":19}},{"start":{"line":208,"column":12},"end":{"line":208,"column":54}}]}},"s":{"0":1,"1":1,"2":1,"3":24,"4":24,"5":24,"6":24,"7":3,"8":3,"9":3,"10":1,"11":26,"12":3,"13":3,"14":3,"15":8,"16":8,"17":8,"18":7,"19":7,"20":9,"21":9,"22":9,"23":2,"24":7,"25":5,"26":5,"27":7,"28":1,"29":3,"30":3,"31":3,"32":1,"33":1,"34":2,"35":4,"36":4,"37":4,"38":1,"39":2,"40":2,"41":4,"42":5,"43":5,"44":5,"45":2,"46":2,"47":2,"48":1,"49":1,"50":1,"51":1,"52":6,"53":6,"54":5,"55":5,"56":1,"57":4,"58":4,"59":4,"60":4,"61":4,"62":1,"63":3,"64":3,"65":3,"66":3,"67":6,"68":6,"69":6,"70":2,"71":4,"72":3,"73":3,"74":3,"75":3,"76":3,"77":3,"78":1,"79":5,"80":5,"81":5,"82":5,"83":1},"f":{"0":24,"1":3,"2":1,"3":26,"4":8,"5":3,"6":4,"7":4,"8":5,"9":2,"10":6,"11":4,"12":6,"13":6,"14":5},"b":{"0":[0],"1":[0],"2":[3,23],"3":[2,7],"4":[5,2],"5":[1,2],"6":[1,4],"7":[4,0],"8":[4,4],"9":[1,3],"10":[3,0],"11":[2,4],"12":[2,1]}}
,"/Users/inhousecodes/Documents/stellar-yield/StellarYield/backend/keepers/src/queues/index.ts": {"path":"/Users/inhousecodes/Documents/stellar-yield/StellarYield/backend/keepers/src/queues/index.ts","statementMap":{"0":{"start":{"line":22,"column":0},"end":{"line":22,"column":16}},"1":{"start":{"line":32,"column":0},"end":{"line":32,"column":16}},"2":{"start":{"line":43,"column":0},"end":{"line":43,"column":16}},"3":{"start":{"line":1,"column":0},"end":{"line":1,"column":44}},"4":{"start":{"line":2,"column":0},"end":{"line":2,"column":42}},"5":{"start":{"line":3,"column":0},"end":{"line":3,"column":35}},"6":{"start":{"line":4,"column":0},"end":{"line":4,"column":41}},"7":{"start":{"line":5,"column":0},"end":{"line":5,"column":null}},"8":{"start":{"line":11,"column":26},"end":{"line":16,"column":2}},"9":{"start":{"line":23,"column":2},"end":{"line":26,"column":5}},"10":{"start":{"line":33,"column":2},"end":{"line":36,"column":5}},"11":{"start":{"line":44,"column":17},"end":{"line":44,"column":71}},"12":{"start":{"line":46,"column":2},"end":{"line":48,"column":4}},"13":{"start":{"line":47,"column":4},"end":{"line":47,"column":54}},"14":{"start":{"line":49,"column":2},"end":{"line":51,"column":4}},"15":{"start":{"line":50,"column":4},"end":{"line":50,"column":66}},"16":{"start":{"line":52,"column":2},"end":{"line":54,"column":4}},"17":{"start":{"line":53,"column":4},"end":{"line":53,"column":52}},"18":{"start":{"line":56,"column":2},"end":{"line":56,"column":16}}},"fnMap":{"0":{"name":"createLiquidationQueue","decl":{"start":{"line":22,"column":16},"end":{"line":22,"column":38}},"loc":{"start":{"line":22,"column":38},"end":{"line":27,"column":1}}},"1":{"name":"createCompoundQueue","decl":{"start":{"line":32,"column":16},"end":{"line":32,"column":35}},"loc":{"start":{"line":32,"column":35},"end":{"line":37,"column":1}}},"2":{"name":"attachQueueEvents","decl":{"start":{"line":43,"column":16},"end":{"line":43,"column":33}},"loc":{"start":{"line":43,"column":51},"end":{"line":57,"column":1}}},"3":{"name":"(anonymous_3)","decl":{"start":{"line":46,"column":25},"end":{"line":46,"column":26}},"loc":{"start":{"line":47,"column":4},"end":{"line":47,"column":54}}},"4":{"name":"(anonymous_4)","decl":{"start":{"line":49,"column":22},"end":{"line":49,"column":23}},"loc":{"start":{"line":50,"column":4},"end":{"line":50,"column":66}}},"5":{"name":"(anonymous_5)","decl":{"start":{"line":52,"column":23},"end":{"line":52,"column":24}},"loc":{"start":{"line":53,"column":4},"end":{"line":53,"column":52}}}},"branchMap":{},"s":{"0":5,"1":5,"2":5,"3":5,"4":5,"5":5,"6":5,"7":5,"8":5,"9":2,"10":1,"11":2,"12":2,"13":0,"14":2,"15":0,"16":2,"17":0,"18":2},"f":{"0":2,"1":1,"2":2,"3":0,"4":0,"5":0},"b":{}}
,"/Users/inhousecodes/Documents/stellar-yield/StellarYield/backend/keepers/src/queues/types.ts": {"path":"/Users/inhousecodes/Documents/stellar-yield/StellarYield/backend/keepers/src/queues/types.ts","statementMap":{"0":{"start":{"line":5,"column":13},"end":{"line":8,"column":11}}},"fnMap":{},"branchMap":{},"s":{"0":7},"f":{},"b":{}}
,"/Users/inhousecodes/Documents/stellar-yield/StellarYield/backend/keepers/src/signer/KeeperSigner.ts": {"path":"/Users/inhousecodes/Documents/stellar-yield/StellarYield/backend/keepers/src/signer/KeeperSigner.ts","statementMap":{"0":{"start":{"line":1,"column":0},"end":{"line":1,"column":null}},"1":{"start":{"line":10,"column":0},"end":{"line":10,"column":35}},"2":{"start":{"line":11,"column":0},"end":{"line":11,"column":41}},"3":{"start":{"line":30,"column":16},"end":{"line":30,"column":59}},"4":{"start":{"line":31,"column":4},"end":{"line":35,"column":5}},"5":{"start":{"line":32,"column":6},"end":{"line":34,"column":8}},"6":{"start":{"line":36,"column":4},"end":{"line":36,"column":43}},"7":{"start":{"line":37,"column":4},"end":{"line":39,"column":7}},"8":{"start":{"line":40,"column":4},"end":{"line":43,"column":27}},"9":{"start":{"line":48,"column":4},"end":{"line":48,"column":36}},"10":{"start":{"line":66,"column":20},"end":{"line":66,"column":74}},"11":{"start":{"line":68,"column":21},"end":{"line":68,"column":45}},"12":{"start":{"line":69,"column":15},"end":{"line":69,"column":45}},"13":{"start":{"line":71,"column":15},"end":{"line":77,"column":14}},"14":{"start":{"line":80,"column":16},"end":{"line":80,"column":57}},"15":{"start":{"line":82,"column":4},"end":{"line":88,"column":5}},"16":{"start":{"line":83,"column":6},"end":{"line":86,"column":8}},"17":{"start":{"line":87,"column":6},"end":{"line":87,"column":66}},"18":{"start":{"line":90,"column":4},"end":{"line":96,"column":5}},"19":{"start":{"line":91,"column":6},"end":{"line":94,"column":8}},"20":{"start":{"line":95,"column":6},"end":{"line":95,"column":56}},"21":{"start":{"line":99,"column":23},"end":{"line":99,"column":63}},"22":{"start":{"line":100,"column":4},"end":{"line":100,"column":34}},"23":{"start":{"line":102,"column":23},"end":{"line":102,"column":68}},"24":{"start":{"line":103,"column":4},"end":{"line":105,"column":5}},"25":{"start":{"line":104,"column":6},"end":{"line":104,"column":92}},"26":{"start":{"line":107,"column":17},"end":{"line":107,"column":32}},"27":{"start":{"line":108,"column":4},"end":{"line":108,"column":71}},"28":{"start":{"line":111,"column":4},"end":{"line":111,"column":41}},"29":{"start":{"line":112,"column":4},"end":{"line":112,"column":16}},"30":{"start":{"line":120,"column":16},"end":{"line":120,"column":20}},"31":{"start":{"line":121,"column":4},"end":{"line":133,"column":5}},"32":{"start":{"line":121,"column":23},"end":{"line":121,"column":24}},"33":{"start":{"line":122,"column":6},"end":{"line":122,"column":25}},"34":{"start":{"line":123,"column":23},"end":{"line":123,"column":61}},"35":{"start":{"line":125,"column":6},"end":{"line":128,"column":7}},"36":{"start":{"line":126,"column":8},"end":{"line":126,"column":64}},"37":{"start":{"line":127,"column":8},"end":{"line":127,"column":15}},"38":{"start":{"line":129,"column":6},"end":{"line":131,"column":7}},"39":{"start":{"line":130,"column":8},"end":{"line":130,"column":63}},"40":{"start":{"line":132,"column":6},"end":{"line":132,"column":44}},"41":{"start":{"line":134,"column":4},"end":{"line":134,"column":74}},"42":{"start":{"line":24,"column":0},"end":{"line":24,"column":13}},"43":{"start":{"line":139,"column":2},"end":{"line":139,"column":59}},"44":{"start":{"line":139,"column":34},"end":{"line":139,"column":57}}},"fnMap":{"0":{"name":"(anonymous_0)","decl":{"start":{"line":29,"column":2},"end":{"line":29,"column":14}},"loc":{"start":{"line":29,"column":32},"end":{"line":44,"column":3}}},"1":{"name":"(anonymous_1)","decl":{"start":{"line":47,"column":2},"end":{"line":47,"column":6}},"loc":{"start":{"line":47,"column":15},"end":{"line":49,"column":3}}},"2":{"name":"(anonymous_2)","decl":{"start":{"line":61,"column":2},"end":{"line":61,"column":7}},"loc":{"start":{"line":64,"column":26},"end":{"line":113,"column":3}}},"3":{"name":"(anonymous_3)","decl":{"start":{"line":119,"column":10},"end":{"line":119,"column":15}},"loc":{"start":{"line":119,"column":48},"end":{"line":135,"column":3}}},"4":{"name":"sleep","decl":{"start":{"line":138,"column":9},"end":{"line":138,"column":14}},"loc":{"start":{"line":138,"column":25},"end":{"line":140,"column":1}}},"5":{"name":"(anonymous_5)","decl":{"start":{"line":139,"column":21},"end":{"line":139,"column":22}},"loc":{"start":{"line":139,"column":34},"end":{"line":139,"column":57}}}},"branchMap":{"0":{"loc":{"start":{"line":30,"column":16},"end":{"line":30,"column":59}},"type":"binary-expr","locations":[{"start":{"line":30,"column":16},"end":{"line":30,"column":25}},{"start":{"line":30,"column":29},"end":{"line":30,"column":59}}]},"1":{"loc":{"start":{"line":31,"column":4},"end":{"line":35,"column":5}},"type":"if","locations":[{"start":{"line":31,"column":4},"end":{"line":35,"column":5}},{"start":{},"end":{}}]},"2":{"loc":{"start":{"line":41,"column":6},"end":{"line":43,"column":26}},"type":"cond-expr","locations":[{"start":{"line":42,"column":10},"end":{"line":42,"column":25}},{"start":{"line":43,"column":10},"end":{"line":43,"column":26}}]},"3":{"loc":{"start":{"line":64,"column":4},"end":{"line":64,"column":26}},"type":"default-arg","locations":[{"start":{"line":64,"column":24},"end":{"line":64,"column":26}}]},"4":{"loc":{"start":{"line":82,"column":4},"end":{"line":88,"column":5}},"type":"if","locations":[{"start":{"line":82,"column":4},"end":{"line":88,"column":5}},{"start":{},"end":{}}]},"5":{"loc":{"start":{"line":90,"column":4},"end":{"line":96,"column":5}},"type":"if","locations":[{"start":{"line":90,"column":4},"end":{"line":96,"column":5}},{"start":{},"end":{}}]},"6":{"loc":{"start":{"line":92,"column":24},"end":{"line":92,"column":52}},"type":"binary-expr","locations":[{"start":{"line":92,"column":24},"end":{"line":92,"column":45}},{"start":{"line":92,"column":49},"end":{"line":92,"column":52}}]},"7":{"loc":{"start":{"line":103,"column":4},"end":{"line":105,"column":5}},"type":"if","locations":[{"start":{"line":103,"column":4},"end":{"line":105,"column":5}},{"start":{},"end":{}}]},"8":{"loc":{"start":{"line":125,"column":6},"end":{"line":128,"column":7}},"type":"if","locations":[{"start":{"line":125,"column":6},"end":{"line":128,"column":7}},{"start":{},"end":{}}]},"9":{"loc":{"start":{"line":129,"column":6},"end":{"line":131,"column":7}},"type":"if","locations":[{"start":{"line":129,"column":6},"end":{"line":131,"column":7}},{"start":{},"end":{}}]}},"s":{"0":3,"1":3,"2":3,"3":9,"4":9,"5":1,"6":8,"7":8,"8":8,"9":1,"10":7,"11":7,"12":7,"13":7,"14":7,"15":7,"16":1,"17":1,"18":6,"19":1,"20":1,"21":5,"22":5,"23":5,"24":5,"25":1,"26":4,"27":4,"28":4,"29":2,"30":4,"31":4,"32":4,"33":20,"34":20,"35":20,"36":2,"37":2,"38":18,"39":1,"40":17,"41":1,"42":3,"43":20,"44":20},"f":{"0":9,"1":1,"2":7,"3":4,"4":20,"5":20},"b":{"0":[9,0],"1":[1,8],"2":[0,8],"3":[0],"4":[1,6],"5":[1,5],"6":[1,1],"7":[1,4],"8":[2,18],"9":[1,17]}}
,"/Users/inhousecodes/Documents/stellar-yield/StellarYield/backend/keepers/src/utils/logger.ts": {"path":"/Users/inhousecodes/Documents/stellar-yield/StellarYield/backend/keepers/src/utils/logger.ts","statementMap":{"0":{"start":{"line":1,"column":0},"end":{"line":1,"column":24}},"1":{"start":{"line":2,"column":0},"end":{"line":2,"column":35}},"2":{"start":{"line":8,"column":13},"end":{"line":15,"column":3}}},"fnMap":{},"branchMap":{"0":{"loc":{"start":{"line":11,"column":4},"end":{"line":13,"column":17}},"type":"cond-expr","locations":[{"start":{"line":12,"column":8},"end":{"line":12,"column":62}},{"start":{"line":13,"column":8},"end":{"line":13,"column":17}}]},"1":{"loc":{"start":{"line":11,"column":4},"end":{"line":11,"column":76}},"type":"binary-expr","locations":[{"start":{"line":11,"column":4},"end":{"line":11,"column":41}},{"start":{"line":11,"column":45},"end":{"line":11,"column":76}}]}},"s":{"0":20,"1":20,"2":20},"f":{},"b":{"0":[1,19],"1":[20,18]}}
,"/Users/inhousecodes/Documents/stellar-yield/StellarYield/backend/keepers/src/utils/redis.ts": {"path":"/Users/inhousecodes/Documents/stellar-yield/StellarYield/backend/keepers/src/utils/redis.ts","statementMap":{"0":{"start":{"line":13,"column":0},"end":{"line":13,"column":16}},"1":{"start":{"line":31,"column":0},"end":{"line":31,"column":7}},"2":{"start":{"line":40,"column":0},"end":{"line":40,"column":16}},"3":{"start":{"line":1,"column":0},"end":{"line":1,"column":32}},"4":{"start":{"line":2,"column":0},"end":{"line":2,"column":35}},"5":{"start":{"line":3,"column":0},"end":{"line":3,"column":41}},"6":{"start":{"line":5,"column":27},"end":{"line":5,"column":31}},"7":{"start":{"line":14,"column":2},"end":{"line":23,"column":3}},"8":{"start":{"line":15,"column":4},"end":{"line":19,"column":7}},"9":{"start":{"line":21,"column":4},"end":{"line":21,"column":63}},"10":{"start":{"line":21,"column":31},"end":{"line":21,"column":61}},"11":{"start":{"line":22,"column":4},"end":{"line":22,"column":81}},"12":{"start":{"line":22,"column":32},"end":{"line":22,"column":79}},"13":{"start":{"line":24,"column":2},"end":{"line":24,"column":16}},"14":{"start":{"line":32,"column":2},"end":{"line":36,"column":3}},"15":{"start":{"line":33,"column":4},"end":{"line":33,"column":24}},"16":{"start":{"line":34,"column":4},"end":{"line":34,"column":18}},"17":{"start":{"line":35,"column":4},"end":{"line":35,"column":43}},"18":{"start":{"line":41,"column":2},"end":{"line":41,"column":13}}},"fnMap":{"0":{"name":"getRedis","decl":{"start":{"line":13,"column":16},"end":{"line":13,"column":24}},"loc":{"start":{"line":13,"column":24},"end":{"line":25,"column":1}}},"1":{"name":"(anonymous_1)","decl":{"start":{"line":21,"column":25},"end":{"line":21,"column":28}},"loc":{"start":{"line":21,"column":31},"end":{"line":21,"column":61}}},"2":{"name":"(anonymous_2)","decl":{"start":{"line":22,"column":23},"end":{"line":22,"column":24}},"loc":{"start":{"line":22,"column":32},"end":{"line":22,"column":79}}},"3":{"name":"closeRedis","decl":{"start":{"line":31,"column":22},"end":{"line":31,"column":32}},"loc":{"start":{"line":31,"column":32},"end":{"line":37,"column":1}}},"4":{"name":"_setRedisForTest","decl":{"start":{"line":40,"column":16},"end":{"line":40,"column":32}},"loc":{"start":{"line":40,"column":41},"end":{"line":42,"column":1}}}},"branchMap":{"0":{"loc":{"start":{"line":14,"column":2},"end":{"line":23,"column":3}},"type":"if","locations":[{"start":{"line":14,"column":2},"end":{"line":23,"column":3}},{"start":{},"end":{}}]},"1":{"loc":{"start":{"line":32,"column":2},"end":{"line":36,"column":3}},"type":"if","locations":[{"start":{"line":32,"column":2},"end":{"line":36,"column":3}},{"start":{},"end":{}}]}},"s":{"0":12,"1":12,"2":12,"3":12,"4":12,"5":12,"6":12,"7":13,"8":11,"9":11,"10":0,"11":11,"12":0,"13":13,"14":3,"15":2,"16":2,"17":2,"18":1},"f":{"0":13,"1":0,"2":0,"3":3,"4":1},"b":{"0":[11,2],"1":[2,1]}}
,"/Users/inhousecodes/Documents/stellar-yield/StellarYield/backend/keepers/src/workers/CompoundWorker.ts": {"path":"/Users/inhousecodes/Documents/stellar-yield/StellarYield/backend/keepers/src/workers/CompoundWorker.ts","statementMap":{"0":{"start":{"line":1,"column":0},"end":{"line":1,"column":37}},"1":{"start":{"line":2,"column":0},"end":{"line":2,"column":62}},"2":{"start":{"line":3,"column":0},"end":{"line":3,"column":42}},"3":{"start":{"line":4,"column":0},"end":{"line":4,"column":35}},"4":{"start":{"line":5,"column":0},"end":{"line":5,"column":41}},"5":{"start":{"line":6,"column":0},"end":{"line":6,"column":54}},"6":{"start":{"line":7,"column":0},"end":{"line":7,"column":63}},"7":{"start":{"line":26,"column":4},"end":{"line":26,"column":47}},"8":{"start":{"line":28,"column":4},"end":{"line":35,"column":6}},"9":{"start":{"line":30,"column":15},"end":{"line":30,"column":32}},"10":{"start":{"line":37,"column":4},"end":{"line":39,"column":6}},"11":{"start":{"line":38,"column":6},"end":{"line":38,"column":95}},"12":{"start":{"line":40,"column":4},"end":{"line":42,"column":6}},"13":{"start":{"line":41,"column":6},"end":{"line":41,"column":66}},"14":{"start":{"line":51,"column":50},"end":{"line":51,"column":58}},"15":{"start":{"line":53,"column":4},"end":{"line":56,"column":6}},"16":{"start":{"line":59,"column":24},"end":{"line":59,"column":68}},"17":{"start":{"line":60,"column":22},"end":{"line":60,"column":79}},"18":{"start":{"line":62,"column":19},"end":{"line":65,"column":null}},"19":{"start":{"line":68,"column":4},"end":{"line":71,"column":6}},"20":{"start":{"line":73,"column":4},"end":{"line":73,"column":22}},"21":{"start":{"line":78,"column":4},"end":{"line":78,"column":30}},"22":{"start":{"line":79,"column":4},"end":{"line":79,"column":50}},"23":{"start":{"line":21,"column":0},"end":{"line":21,"column":13}}},"fnMap":{"0":{"name":"(anonymous_0)","decl":{"start":{"line":25,"column":2},"end":{"line":25,"column":14}},"loc":{"start":{"line":25,"column":35},"end":{"line":43,"column":3}}},"1":{"name":"(anonymous_1)","decl":{"start":{"line":30,"column":6},"end":{"line":30,"column":7}},"loc":{"start":{"line":30,"column":15},"end":{"line":30,"column":32}}},"2":{"name":"(anonymous_2)","decl":{"start":{"line":37,"column":32},"end":{"line":37,"column":33}},"loc":{"start":{"line":38,"column":6},"end":{"line":38,"column":95}}},"3":{"name":"(anonymous_3)","decl":{"start":{"line":40,"column":29},"end":{"line":40,"column":30}},"loc":{"start":{"line":41,"column":6},"end":{"line":41,"column":66}}},"4":{"name":"(anonymous_4)","decl":{"start":{"line":50,"column":2},"end":{"line":50,"column":7}},"loc":{"start":{"line":50,"column":41},"end":{"line":74,"column":3}}},"5":{"name":"(anonymous_5)","decl":{"start":{"line":77,"column":2},"end":{"line":77,"column":7}},"loc":{"start":{"line":77,"column":13},"end":{"line":80,"column":3}}}},"branchMap":{"0":{"loc":{"start":{"line":26,"column":18},"end":{"line":26,"column":46}},"type":"binary-expr","locations":[{"start":{"line":26,"column":18},"end":{"line":26,"column":24}},{"start":{"line":26,"column":28},"end":{"line":26,"column":46}}]}},"s":{"0":1,"1":1,"2":1,"3":1,"4":1,"5":1,"6":1,"7":9,"8":9,"9":0,"10":9,"11":1,"12":9,"13":2,"14":6,"15":6,"16":6,"17":6,"18":6,"19":5,"20":5,"21":1,"22":1,"23":1},"f":{"0":9,"1":0,"2":1,"3":2,"4":6,"5":1},"b":{"0":[9,0]}}
,"/Users/inhousecodes/Documents/stellar-yield/StellarYield/backend/keepers/src/workers/LiquidationWorker.ts": {"path":"/Users/inhousecodes/Documents/stellar-yield/StellarYield/backend/keepers/src/workers/LiquidationWorker.ts","statementMap":{"0":{"start":{"line":1,"column":0},"end":{"line":1,"column":37}},"1":{"start":{"line":2,"column":0},"end":{"line":2,"column":62}},"2":{"start":{"line":3,"column":0},"end":{"line":3,"column":42}},"3":{"start":{"line":4,"column":0},"end":{"line":4,"column":35}},"4":{"start":{"line":5,"column":0},"end":{"line":5,"column":41}},"5":{"start":{"line":6,"column":0},"end":{"line":6,"column":54}},"6":{"start":{"line":7,"column":0},"end":{"line":7,"column":66}},"7":{"start":{"line":27,"column":4},"end":{"line":27,"column":47}},"8":{"start":{"line":29,"column":4},"end":{"line":36,"column":6}},"9":{"start":{"line":31,"column":15},"end":{"line":31,"column":32}},"10":{"start":{"line":38,"column":4},"end":{"line":40,"column":6}},"11":{"start":{"line":39,"column":6},"end":{"line":39,"column":99}},"12":{"start":{"line":41,"column":4},"end":{"line":43,"column":6}},"13":{"start":{"line":42,"column":6},"end":{"line":42,"column":69}},"14":{"start":{"line":54,"column":31},"end":{"line":54,"column":39}},"15":{"start":{"line":56,"column":4},"end":{"line":59,"column":6}},"16":{"start":{"line":62,"column":28},"end":{"line":62,"column":72}},"17":{"start":{"line":63,"column":22},"end":{"line":63,"column":59}},"18":{"start":{"line":65,"column":19},"end":{"line":68,"column":null}},"19":{"start":{"line":71,"column":4},"end":{"line":74,"column":6}},"20":{"start":{"line":76,"column":4},"end":{"line":76,"column":22}},"21":{"start":{"line":81,"column":4},"end":{"line":81,"column":30}},"22":{"start":{"line":82,"column":4},"end":{"line":82,"column":53}},"23":{"start":{"line":22,"column":0},"end":{"line":22,"column":13}}},"fnMap":{"0":{"name":"(anonymous_0)","decl":{"start":{"line":26,"column":2},"end":{"line":26,"column":14}},"loc":{"start":{"line":26,"column":35},"end":{"line":44,"column":3}}},"1":{"name":"(anonymous_1)","decl":{"start":{"line":31,"column":6},"end":{"line":31,"column":7}},"loc":{"start":{"line":31,"column":15},"end":{"line":31,"column":32}}},"2":{"name":"(anonymous_2)","decl":{"start":{"line":38,"column":32},"end":{"line":38,"column":33}},"loc":{"start":{"line":39,"column":6},"end":{"line":39,"column":99}}},"3":{"name":"(anonymous_3)","decl":{"start":{"line":41,"column":29},"end":{"line":41,"column":30}},"loc":{"start":{"line":42,"column":6},"end":{"line":42,"column":69}}},"4":{"name":"(anonymous_4)","decl":{"start":{"line":53,"column":2},"end":{"line":53,"column":7}},"loc":{"start":{"line":53,"column":44},"end":{"line":77,"column":3}}},"5":{"name":"(anonymous_5)","decl":{"start":{"line":80,"column":2},"end":{"line":80,"column":7}},"loc":{"start":{"line":80,"column":13},"end":{"line":83,"column":3}}}},"branchMap":{"0":{"loc":{"start":{"line":27,"column":18},"end":{"line":27,"column":46}},"type":"binary-expr","locations":[{"start":{"line":27,"column":18},"end":{"line":27,"column":24}},{"start":{"line":27,"column":28},"end":{"line":27,"column":46}}]}},"s":{"0":1,"1":1,"2":1,"3":1,"4":1,"5":1,"6":1,"7":6,"8":6,"9":0,"10":6,"11":1,"12":6,"13":2,"14":3,"15":3,"16":3,"17":3,"18":3,"19":2,"20":2,"21":1,"22":1,"23":1},"f":{"0":6,"1":0,"2":1,"3":2,"4":3,"5":1},"b":{"0":[6,0]}}
}
