TN:
SF:src/config/index.ts
FN:11,requireEnv
FN:22,optionalEnv
FN:26,optionalInt
FNF:3
FNH:3
FNDA:81,requireEnv
FNDA:286,optionalEnv
FNDA:238,optionalInt
DA:1,42
DA:3,42
DA:12,81
DA:13,81
DA:14,1
DA:15,0
DA:17,1
DA:19,80
DA:23,286
DA:27,238
DA:28,238
DA:29,115
DA:30,115
DA:31,113
DA:34,42
LF:15
LH:14
BRDA:13,0,0,1
BRDA:13,0,1,80
BRDA:14,1,0,0
BRDA:14,1,1,1
BRDA:23,2,0,286
BRDA:23,2,1,122
BRDA:28,3,0,123
BRDA:28,3,1,115
BRDA:30,4,0,2
BRDA:30,4,1,113
BRF:10
BRH:9
end_of_record
TN:
SF:src/monitors/CompoundScheduler.ts
FN:17,(anonymous_0)
FN:26,(anonymous_1)
FN:34,(anonymous_2)
FN:52,(anonymous_3)
FN:58,(anonymous_4)
FNF:5
FNH:5
FNDA:6,(anonymous_0)
FNDA:2,(anonymous_1)
FNDA:4,(anonymous_2)
FNDA:1,(anonymous_3)
FNDA:1,(anonymous_4)
DA:2,1
DA:3,1
DA:16,1
DA:18,6
DA:19,6
DA:27,2
DA:28,2
DA:30,2
DA:35,4
DA:36,4
DA:41,4
DA:48,4
DA:53,1
DA:54,1
DA:59,1
DA:60,1
DA:61,1
DA:63,1
DA:67,1
LF:19
LH:19
BRDA:19,0,0,0
BRDA:19,1,0,0
BRDA:19,1,1,0
BRDA:60,2,0,1
BRDA:60,2,1,0
BRF:5
BRH:1
end_of_record
TN:
SF:src/monitors/VaultMonitor.ts
FN:33,(anonymous_0)
FN:45,(anonymous_1)
FN:51,(anonymous_2)
FN:55,(anonymous_3)
FN:71,(anonymous_4)
FN:102,(anonymous_5)
FN:114,(anonymous_6)
FN:125,(anonymous_7)
FN:129,(anonymous_8)
FN:142,(anonymous_9)
FN:169,(anonymous_10)
FN:182,(anonymous_11)
FN:194,(anonymous_12)
FN:195,(anonymous_13)
FN:217,(anonymous_14)
FNF:15
FNH:15
FNDA:24,(anonymous_0)
FNDA:3,(anonymous_1)
FNDA:1,(anonymous_2)
FNDA:26,(anonymous_3)
FNDA:8,(anonymous_4)
FNDA:3,(anonymous_5)
FNDA:4,(anonymous_6)
FNDA:4,(anonymous_7)
FNDA:5,(anonymous_8)
FNDA:2,(anonymous_9)
FNDA:6,(anonymous_10)
FNDA:4,(anonymous_11)
FNDA:6,(anonymous_12)
FNDA:6,(anonymous_13)
FNDA:5,(anonymous_14)
DA:1,1
DA:3,1
DA:4,1
DA:29,1
DA:31,24
DA:34,24
DA:35,24
DA:38,24
DA:46,3
DA:50,3
DA:51,3
DA:56,26
DA:57,3
DA:58,3
DA:59,3
DA:72,8
DA:74,8
DA:75,8
DA:76,7
DA:78,7
DA:79,9
DA:80,9
DA:81,9
DA:83,7
DA:84,5
DA:85,5
DA:89,7
DA:91,1
DA:103,3
DA:104,3
DA:106,3
DA:107,1
DA:110,1
DA:114,2
DA:115,4
DA:116,4
DA:117,4
DA:120,1
DA:124,2
DA:125,4
DA:130,5
DA:131,5
DA:135,5
DA:143,2
DA:144,2
DA:146,2
DA:152,1
DA:153,1
DA:154,1
DA:156,1
DA:173,6
DA:175,6
DA:176,5
DA:179,5
DA:181,4
DA:182,4
DA:183,4
DA:184,4
DA:186,4
DA:188,3
DA:191,3
DA:192,3
DA:194,3
DA:195,6
DA:196,6
DA:197,4
DA:200,3
DA:201,3
DA:202,3
DA:203,3
DA:206,3
DA:210,3
DA:212,1
DA:218,5
DA:219,5
DA:226,5
DA:230,5
LF:77
LH:77
BRDA:35,0,0,0
BRDA:36,1,0,0
BRDA:56,2,0,3
BRDA:56,2,1,23
BRDA:81,3,0,2
BRDA:81,3,1,7
BRDA:83,4,0,5
BRDA:83,4,1,2
BRDA:106,5,0,1
BRDA:106,5,1,2
BRDA:179,6,0,1
BRDA:179,6,1,4
BRDA:181,7,0,4
BRDA:181,7,1,0
BRDA:184,8,0,4
BRDA:184,8,1,4
BRDA:186,9,0,1
BRDA:186,9,1,3
BRDA:192,10,0,3
BRDA:192,10,1,0
BRDA:196,11,0,2
BRDA:196,11,1,4
BRDA:206,12,0,2
BRDA:206,12,1,1
BRF:24
BRH:20
end_of_record
TN:
SF:src/queues/index.ts
FN:22,createLiquidationQueue
FN:32,createCompoundQueue
FN:43,attachQueueEvents
FN:46,(anonymous_3)
FN:49,(anonymous_4)
FN:52,(anonymous_5)
FNF:6
FNH:3
FNDA:2,createLiquidationQueue
FNDA:1,createCompoundQueue
FNDA:2,attachQueueEvents
FNDA:0,(anonymous_3)
FNDA:0,(anonymous_4)
FNDA:0,(anonymous_5)
DA:1,5
DA:2,5
DA:3,5
DA:4,5
DA:5,5
DA:11,5
DA:22,5
DA:23,2
DA:32,5
DA:33,1
DA:43,5
DA:44,2
DA:46,2
DA:47,0
DA:49,2
DA:50,0
DA:52,2
DA:53,0
DA:56,2
LF:19
LH:16
BRF:0
BRH:0
end_of_record
TN:
SF:src/queues/types.ts
FNF:0
FNH:0
DA:5,7
LF:1
LH:1
BRF:0
BRH:0
end_of_record
TN:
SF:src/signer/KeeperSigner.ts
FN:29,(anonymous_0)
FN:47,(anonymous_1)
FN:61,(anonymous_2)
FN:119,(anonymous_3)
FN:138,sleep
FN:139,(anonymous_5)
FNF:6
FNH:6
FNDA:9,(anonymous_0)
FNDA:1,(anonymous_1)
FNDA:7,(anonymous_2)
FNDA:4,(anonymous_3)
FNDA:20,sleep
FNDA:20,(anonymous_5)
DA:1,3
DA:10,3
DA:11,3
DA:24,3
DA:30,9
DA:31,9
DA:32,1
DA:36,8
DA:37,8
DA:40,8
DA:48,1
DA:66,7
DA:68,7
DA:69,7
DA:71,7
DA:80,7
DA:82,7
DA:83,1
DA:87,1
DA:90,6
DA:91,1
DA:95,1
DA:99,5
DA:100,5
DA:102,5
DA:103,5
DA:104,1
DA:107,4
DA:108,4
DA:111,4
DA:112,2
DA:120,4
DA:121,4
DA:122,20
DA:123,20
DA:125,20
DA:126,2
DA:127,2
DA:129,18
DA:130,1
DA:132,17
DA:134,1
DA:139,20
LF:43
LH:43
BRDA:30,0,0,9
BRDA:30,0,1,0
BRDA:31,1,0,1
BRDA:31,1,1,8
BRDA:41,2,0,0
BRDA:41,2,1,8
BRDA:64,3,0,0
BRDA:82,4,0,1
BRDA:82,4,1,6
BRDA:90,5,0,1
BRDA:90,5,1,5
BRDA:92,6,0,1
BRDA:92,6,1,1
BRDA:103,7,0,1
BRDA:103,7,1,4
BRDA:125,8,0,2
BRDA:125,8,1,18
BRDA:129,9,0,1
BRDA:129,9,1,17
BRF:19
BRH:16
end_of_record
TN:
SF:src/utils/logger.ts
FNF:0
FNH:0
DA:1,20
DA:2,20
DA:8,20
LF:3
LH:3
BRDA:11,0,0,1
BRDA:11,0,1,19
BRDA:11,1,0,20
BRDA:11,1,1,18
BRF:4
BRH:4
end_of_record
TN:
SF:src/utils/redis.ts
FN:13,getRedis
FN:21,(anonymous_1)
FN:22,(anonymous_2)
FN:31,closeRedis
FN:40,_setRedisForTest
FNF:5
FNH:3
FNDA:13,getRedis
FNDA:0,(anonymous_1)
FNDA:0,(anonymous_2)
FNDA:3,closeRedis
FNDA:1,_setRedisForTest
DA:1,12
DA:2,12
DA:3,12
DA:5,12
DA:13,12
DA:14,13
DA:15,11
DA:21,11
DA:22,11
DA:24,13
DA:31,12
DA:32,3
DA:33,2
DA:34,2
DA:35,2
DA:40,12
DA:41,1
LF:17
LH:17
BRDA:14,0,0,11
BRDA:14,0,1,2
BRDA:32,1,0,2
BRDA:32,1,1,1
BRF:4
BRH:4
end_of_record
TN:
SF:src/workers/CompoundWorker.ts
FN:25,(anonymous_0)
FN:30,(anonymous_1)
FN:37,(anonymous_2)
FN:40,(anonymous_3)
FN:50,(anonymous_4)
FN:77,(anonymous_5)
FNF:6
FNH:5
FNDA:9,(anonymous_0)
FNDA:0,(anonymous_1)
FNDA:1,(anonymous_2)
FNDA:2,(anonymous_3)
FNDA:6,(anonymous_4)
FNDA:1,(anonymous_5)
DA:1,1
DA:2,1
DA:3,1
DA:4,1
DA:5,1
DA:6,1
DA:7,1
DA:21,1
DA:26,9
DA:28,9
DA:30,0
DA:37,9
DA:38,1
DA:40,9
DA:41,2
DA:51,6
DA:53,6
DA:59,6
DA:60,6
DA:62,6
DA:68,5
DA:73,5
DA:78,1
DA:79,1
LF:24
LH:23
BRDA:26,0,0,9
BRDA:26,0,1,0
BRF:2
BRH:1
end_of_record
TN:
SF:src/workers/LiquidationWorker.ts
FN:26,(anonymous_0)
FN:31,(anonymous_1)
FN:38,(anonymous_2)
FN:41,(anonymous_3)
FN:53,(anonymous_4)
FN:80,(anonymous_5)
FNF:6
FNH:5
FNDA:6,(anonymous_0)
FNDA:0,(anonymous_1)
FNDA:1,(anonymous_2)
FNDA:2,(anonymous_3)
FNDA:3,(anonymous_4)
FNDA:1,(anonymous_5)
DA:1,1
DA:2,1
DA:3,1
DA:4,1
DA:5,1
DA:6,1
DA:7,1
DA:22,1
DA:27,6
DA:29,6
DA:31,0
DA:38,6
DA:39,1
DA:41,6
DA:42,2
DA:54,3
DA:56,3
DA:62,3
DA:63,3
DA:65,3
DA:71,2
DA:76,2
DA:81,1
DA:82,1
LF:24
LH:23
BRDA:27,0,0,6
BRDA:27,0,1,0
BRF:2
BRH:1
end_of_record
